-------------------------------------------------------------------------------
Test set: jp.co.hzmyh0.roo.searchbookroo.domain.ReviewIntegrationTest
-------------------------------------------------------------------------------
Tests run: 9, Failures: 0, Errors: 8, Skipped: 0, Time elapsed: 0.096 sec <<< FAILURE!
testFlush(jp.co.hzmyh0.roo.searchbookroo.domain.ReviewIntegrationTest)  Time elapsed: 0.025 sec  <<< ERROR!
java.lang.RuntimeException: [ConstraintDescriptorImpl{annotation=javax.validation.constraints.DecimalMax, payloads=[], hasComposingConstraints=true, isReportAsSingleInvalidConstraint=false, elementType=FIELD, definedOn=DEFINED_LOCALLY, groups=[interface javax.validation.groups.Default], attributes={value=5, message={javax.validation.constraints.DecimalMax.message}, payload=[Ljava.lang.Class;@5b2eda6f, groups=[Ljava.lang.Class;@6106dc2d}}:must be less than or equal to 5=6]
	at jp.co.hzmyh0.roo.searchbookroo.domain.ReviewDataOnDemand_Roo_DataOnDemand.ajc$interMethod$jp_co_hzmyh0_roo_searchbookroo_domain_ReviewDataOnDemand_Roo_DataOnDemand$jp_co_hzmyh0_roo_searchbookroo_domain_ReviewDataOnDemand$init(ReviewDataOnDemand_Roo_DataOnDemand.aj:84)
	at jp.co.hzmyh0.roo.searchbookroo.domain.ReviewDataOnDemand.init(ReviewDataOnDemand.java:1)
	at jp.co.hzmyh0.roo.searchbookroo.domain.ReviewDataOnDemand_Roo_DataOnDemand.ajc$interMethodDispatch1$jp_co_hzmyh0_roo_searchbookroo_domain_ReviewDataOnDemand_Roo_DataOnDemand$jp_co_hzmyh0_roo_searchbookroo_domain_ReviewDataOnDemand$init(ReviewDataOnDemand_Roo_DataOnDemand.aj)
	at jp.co.hzmyh0.roo.searchbookroo.domain.ReviewDataOnDemand_Roo_DataOnDemand.ajc$interMethod$jp_co_hzmyh0_roo_searchbookroo_domain_ReviewDataOnDemand_Roo_DataOnDemand$jp_co_hzmyh0_roo_searchbookroo_domain_ReviewDataOnDemand$getRandomReview(ReviewDataOnDemand_Roo_DataOnDemand.aj:57)
	at jp.co.hzmyh0.roo.searchbookroo.domain.ReviewDataOnDemand.getRandomReview(ReviewDataOnDemand.java:1)
	at jp.co.hzmyh0.roo.searchbookroo.domain.ReviewDataOnDemand_Roo_DataOnDemand.ajc$interMethodDispatch1$jp_co_hzmyh0_roo_searchbookroo_domain_ReviewDataOnDemand_Roo_DataOnDemand$jp_co_hzmyh0_roo_searchbookroo_domain_ReviewDataOnDemand$getRandomReview(ReviewDataOnDemand_Roo_DataOnDemand.aj)
	at jp.co.hzmyh0.roo.searchbookroo.domain.ReviewIntegrationTest_Roo_IntegrationTest.ajc$interMethod$jp_co_hzmyh0_roo_searchbookroo_domain_ReviewIntegrationTest_Roo_IntegrationTest$jp_co_hzmyh0_roo_searchbookroo_domain_ReviewIntegrationTest$testFlush(ReviewIntegrationTest_Roo_IntegrationTest.aj:65)
	at jp.co.hzmyh0.roo.searchbookroo.domain.ReviewIntegrationTest.testFlush(ReviewIntegrationTest.java:1)
	at sun.reflect.NativeMethodAccessorImpl.invoke0(Native Method)
	at sun.reflect.NativeMethodAccessorImpl.invoke(NativeMethodAccessorImpl.java:39)
	at sun.reflect.DelegatingMethodAccessorImpl.invoke(DelegatingMethodAccessorImpl.java:25)
	at java.lang.reflect.Method.invoke(Method.java:597)
	at org.junit.runners.model.FrameworkMethod$1.runReflectiveCall(FrameworkMethod.java:44)
	at org.junit.internal.runners.model.ReflectiveCallable.run(ReflectiveCallable.java:15)
	at org.junit.runners.model.FrameworkMethod.invokeExplosively(FrameworkMethod.java:41)
	at org.junit.internal.runners.statements.InvokeMethod.evaluate(InvokeMethod.java:20)
	at org.springframework.test.context.junit4.statements.RunBeforeTestMethodCallbacks.evaluate(RunBeforeTestMethodCallbacks.java:74)
	at org.springframework.test.context.junit4.statements.RunAfterTestMethodCallbacks.evaluate(RunAfterTestMethodCallbacks.java:82)
	at org.springframework.test.context.junit4.statements.SpringRepeat.evaluate(SpringRepeat.java:72)
	at org.springframework.test.context.junit4.SpringJUnit4ClassRunner.runChild(SpringJUnit4ClassRunner.java:240)
	at org.junit.runners.BlockJUnit4ClassRunner.runChild(BlockJUnit4ClassRunner.java:49)
	at org.junit.runners.ParentRunner$3.run(ParentRunner.java:193)
	at org.junit.runners.ParentRunner$1.schedule(ParentRunner.java:52)
	at org.junit.runners.ParentRunner.runChildren(ParentRunner.java:191)
	at org.junit.runners.ParentRunner.access$000(ParentRunner.java:42)
	at org.junit.runners.ParentRunner$2.evaluate(ParentRunner.java:184)
	at org.springframework.test.context.junit4.statements.RunBeforeTestClassCallbacks.evaluate(RunBeforeTestClassCallbacks.java:61)
	at org.springframework.test.context.junit4.statements.RunAfterTestClassCallbacks.evaluate(RunAfterTestClassCallbacks.java:70)
	at org.junit.runners.ParentRunner.run(ParentRunner.java:236)
	at org.springframework.test.context.junit4.SpringJUnit4ClassRunner.run(SpringJUnit4ClassRunner.java:180)
	at org.apache.maven.surefire.junit4.JUnit4TestSet.execute(JUnit4TestSet.java:53)
	at org.apache.maven.surefire.junit4.JUnit4Provider.executeTestSet(JUnit4Provider.java:119)
	at org.apache.maven.surefire.junit4.JUnit4Provider.invoke(JUnit4Provider.java:101)
	at sun.reflect.NativeMethodAccessorImpl.invoke0(Native Method)
	at sun.reflect.NativeMethodAccessorImpl.invoke(NativeMethodAccessorImpl.java:39)
	at sun.reflect.DelegatingMethodAccessorImpl.invoke(DelegatingMethodAccessorImpl.java:25)
	at java.lang.reflect.Method.invoke(Method.java:597)
	at org.apache.maven.surefire.booter.ProviderFactory$ClassLoaderProxy.invoke(ProviderFactory.java:103)
	at $Proxy0.invoke(Unknown Source)
	at org.apache.maven.surefire.booter.SurefireStarter.invokeProvider(SurefireStarter.java:150)
	at org.apache.maven.surefire.booter.SurefireStarter.runSuitesInProcess(SurefireStarter.java:91)
	at org.apache.maven.surefire.booter.ForkedBooter.main(ForkedBooter.java:69)
Caused by: javax.validation.ConstraintViolationException: Validation failed for classes [jp.co.hzmyh0.roo.searchbookroo.domain.Review] during persist time for groups [javax.validation.groups.Default, ]
List of constraint violations:[
	ConstraintViolationImpl{interpolatedMessage='must be less than or equal to 5', propertyPath=score, rootBeanClass=class jp.co.hzmyh0.roo.searchbookroo.domain.Review, messageTemplate='{javax.validation.constraints.DecimalMax.message}'}
]
	at org.hibernate.cfg.beanvalidation.BeanValidationEventListener.validate(BeanValidationEventListener.java:161)
	at org.hibernate.cfg.beanvalidation.BeanValidationEventListener.onPreInsert(BeanValidationEventListener.java:94)
	at org.hibernate.action.EntityIdentityInsertAction.preInsert(EntityIdentityInsertAction.java:160)
	at org.hibernate.action.EntityIdentityInsertAction.execute(EntityIdentityInsertAction.java:65)
	at org.hibernate.engine.ActionQueue.execute(ActionQueue.java:273)
	at org.hibernate.event.def.AbstractSaveEventListener.performSaveOrReplicate(AbstractSaveEventListener.java:320)
	at org.hibernate.event.def.AbstractSaveEventListener.performSave(AbstractSaveEventListener.java:203)
	at org.hibernate.event.def.AbstractSaveEventListener.saveWithGeneratedId(AbstractSaveEventListener.java:129)
	at org.hibernate.ejb.event.EJB3PersistEventListener.saveWithGeneratedId(EJB3PersistEventListener.java:69)
	at org.hibernate.event.def.DefaultPersistEventListener.entityIsTransient(DefaultPersistEventListener.java:179)
	at org.hibernate.event.def.DefaultPersistEventListener.onPersist(DefaultPersistEventListener.java:135)
	at org.hibernate.event.def.DefaultPersistEventListener.onPersist(DefaultPersistEventListener.java:61)
	at org.hibernate.impl.SessionImpl.firePersist(SessionImpl.java:808)
	at org.hibernate.impl.SessionImpl.persist(SessionImpl.java:782)
	at org.hibernate.impl.SessionImpl.persist(SessionImpl.java:786)
	at org.hibernate.ejb.AbstractEntityManagerImpl.persist(AbstractEntityManagerImpl.java:672)
	at sun.reflect.GeneratedMethodAccessor17.invoke(Unknown Source)
	at sun.reflect.DelegatingMethodAccessorImpl.invoke(DelegatingMethodAccessorImpl.java:25)
	at java.lang.reflect.Method.invoke(Method.java:597)
	at org.springframework.orm.jpa.SharedEntityManagerCreator$SharedEntityManagerInvocationHandler.invoke(SharedEntityManagerCreator.java:240)
	at $Proxy35.persist(Unknown Source)
	at jp.co.hzmyh0.roo.searchbookroo.domain.Review_Roo_Entity.ajc$interMethod$jp_co_hzmyh0_roo_searchbookroo_domain_Review_Roo_Entity$jp_co_hzmyh0_roo_searchbookroo_domain_Review$persist(Review_Roo_Entity.aj:55)
	at jp.co.hzmyh0.roo.searchbookroo.domain.Review.persist(Review.java:1)
	at jp.co.hzmyh0.roo.searchbookroo.domain.Review_Roo_Entity.ajc$interMethodDispatch1$jp_co_hzmyh0_roo_searchbookroo_domain_Review_Roo_Entity$jp_co_hzmyh0_roo_searchbookroo_domain_Review$persist(Review_Roo_Entity.aj)
	at jp.co.hzmyh0.roo.searchbookroo.domain.ReviewDataOnDemand_Roo_DataOnDemand.ajc$interMethod$jp_co_hzmyh0_roo_searchbookroo_domain_ReviewDataOnDemand_Roo_DataOnDemand$jp_co_hzmyh0_roo_searchbookroo_domain_ReviewDataOnDemand$init(ReviewDataOnDemand_Roo_DataOnDemand.aj:77)
	... 41 more

testMerge(jp.co.hzmyh0.roo.searchbookroo.domain.ReviewIntegrationTest)  Time elapsed: 0.008 sec  <<< ERROR!
java.lang.RuntimeException: [ConstraintDescriptorImpl{annotation=javax.validation.constraints.DecimalMax, payloads=[], hasComposingConstraints=true, isReportAsSingleInvalidConstraint=false, elementType=FIELD, definedOn=DEFINED_LOCALLY, groups=[interface javax.validation.groups.Default], attributes={value=5, message={javax.validation.constraints.DecimalMax.message}, payload=[Ljava.lang.Class;@5b2eda6f, groups=[Ljava.lang.Class;@6106dc2d}}:must be less than or equal to 5=6]
	at jp.co.hzmyh0.roo.searchbookroo.domain.ReviewDataOnDemand_Roo_DataOnDemand.ajc$interMethod$jp_co_hzmyh0_roo_searchbookroo_domain_ReviewDataOnDemand_Roo_DataOnDemand$jp_co_hzmyh0_roo_searchbookroo_domain_ReviewDataOnDemand$init(ReviewDataOnDemand_Roo_DataOnDemand.aj:84)
	at jp.co.hzmyh0.roo.searchbookroo.domain.ReviewDataOnDemand.init(ReviewDataOnDemand.java:1)
	at jp.co.hzmyh0.roo.searchbookroo.domain.ReviewDataOnDemand_Roo_DataOnDemand.ajc$interMethodDispatch1$jp_co_hzmyh0_roo_searchbookroo_domain_ReviewDataOnDemand_Roo_DataOnDemand$jp_co_hzmyh0_roo_searchbookroo_domain_ReviewDataOnDemand$init(ReviewDataOnDemand_Roo_DataOnDemand.aj)
	at jp.co.hzmyh0.roo.searchbookroo.domain.ReviewDataOnDemand_Roo_DataOnDemand.ajc$interMethod$jp_co_hzmyh0_roo_searchbookroo_domain_ReviewDataOnDemand_Roo_DataOnDemand$jp_co_hzmyh0_roo_searchbookroo_domain_ReviewDataOnDemand$getRandomReview(ReviewDataOnDemand_Roo_DataOnDemand.aj:57)
	at jp.co.hzmyh0.roo.searchbookroo.domain.ReviewDataOnDemand.getRandomReview(ReviewDataOnDemand.java:1)
	at jp.co.hzmyh0.roo.searchbookroo.domain.ReviewDataOnDemand_Roo_DataOnDemand.ajc$interMethodDispatch1$jp_co_hzmyh0_roo_searchbookroo_domain_ReviewDataOnDemand_Roo_DataOnDemand$jp_co_hzmyh0_roo_searchbookroo_domain_ReviewDataOnDemand$getRandomReview(ReviewDataOnDemand_Roo_DataOnDemand.aj)
	at jp.co.hzmyh0.roo.searchbookroo.domain.ReviewIntegrationTest_Roo_IntegrationTest.ajc$interMethod$jp_co_hzmyh0_roo_searchbookroo_domain_ReviewIntegrationTest_Roo_IntegrationTest$jp_co_hzmyh0_roo_searchbookroo_domain_ReviewIntegrationTest$testMerge(ReviewIntegrationTest_Roo_IntegrationTest.aj:79)
	at jp.co.hzmyh0.roo.searchbookroo.domain.ReviewIntegrationTest.testMerge(ReviewIntegrationTest.java:1)
	at sun.reflect.NativeMethodAccessorImpl.invoke0(Native Method)
	at sun.reflect.NativeMethodAccessorImpl.invoke(NativeMethodAccessorImpl.java:39)
	at sun.reflect.DelegatingMethodAccessorImpl.invoke(DelegatingMethodAccessorImpl.java:25)
	at java.lang.reflect.Method.invoke(Method.java:597)
	at org.junit.runners.model.FrameworkMethod$1.runReflectiveCall(FrameworkMethod.java:44)
	at org.junit.internal.runners.model.ReflectiveCallable.run(ReflectiveCallable.java:15)
	at org.junit.runners.model.FrameworkMethod.invokeExplosively(FrameworkMethod.java:41)
	at org.junit.internal.runners.statements.InvokeMethod.evaluate(InvokeMethod.java:20)
	at org.springframework.test.context.junit4.statements.RunBeforeTestMethodCallbacks.evaluate(RunBeforeTestMethodCallbacks.java:74)
	at org.springframework.test.context.junit4.statements.RunAfterTestMethodCallbacks.evaluate(RunAfterTestMethodCallbacks.java:82)
	at org.springframework.test.context.junit4.statements.SpringRepeat.evaluate(SpringRepeat.java:72)
	at org.springframework.test.context.junit4.SpringJUnit4ClassRunner.runChild(SpringJUnit4ClassRunner.java:240)
	at org.junit.runners.BlockJUnit4ClassRunner.runChild(BlockJUnit4ClassRunner.java:49)
	at org.junit.runners.ParentRunner$3.run(ParentRunner.java:193)
	at org.junit.runners.ParentRunner$1.schedule(ParentRunner.java:52)
	at org.junit.runners.ParentRunner.runChildren(ParentRunner.java:191)
	at org.junit.runners.ParentRunner.access$000(ParentRunner.java:42)
	at org.junit.runners.ParentRunner$2.evaluate(ParentRunner.java:184)
	at org.springframework.test.context.junit4.statements.RunBeforeTestClassCallbacks.evaluate(RunBeforeTestClassCallbacks.java:61)
	at org.springframework.test.context.junit4.statements.RunAfterTestClassCallbacks.evaluate(RunAfterTestClassCallbacks.java:70)
	at org.junit.runners.ParentRunner.run(ParentRunner.java:236)
	at org.springframework.test.context.junit4.SpringJUnit4ClassRunner.run(SpringJUnit4ClassRunner.java:180)
	at org.apache.maven.surefire.junit4.JUnit4TestSet.execute(JUnit4TestSet.java:53)
	at org.apache.maven.surefire.junit4.JUnit4Provider.executeTestSet(JUnit4Provider.java:119)
	at org.apache.maven.surefire.junit4.JUnit4Provider.invoke(JUnit4Provider.java:101)
	at sun.reflect.NativeMethodAccessorImpl.invoke0(Native Method)
	at sun.reflect.NativeMethodAccessorImpl.invoke(NativeMethodAccessorImpl.java:39)
	at sun.reflect.DelegatingMethodAccessorImpl.invoke(DelegatingMethodAccessorImpl.java:25)
	at java.lang.reflect.Method.invoke(Method.java:597)
	at org.apache.maven.surefire.booter.ProviderFactory$ClassLoaderProxy.invoke(ProviderFactory.java:103)
	at $Proxy0.invoke(Unknown Source)
	at org.apache.maven.surefire.booter.SurefireStarter.invokeProvider(SurefireStarter.java:150)
	at org.apache.maven.surefire.booter.SurefireStarter.runSuitesInProcess(SurefireStarter.java:91)
	at org.apache.maven.surefire.booter.ForkedBooter.main(ForkedBooter.java:69)
Caused by: javax.validation.ConstraintViolationException: Validation failed for classes [jp.co.hzmyh0.roo.searchbookroo.domain.Review] during persist time for groups [javax.validation.groups.Default, ]
List of constraint violations:[
	ConstraintViolationImpl{interpolatedMessage='must be less than or equal to 5', propertyPath=score, rootBeanClass=class jp.co.hzmyh0.roo.searchbookroo.domain.Review, messageTemplate='{javax.validation.constraints.DecimalMax.message}'}
]
	at org.hibernate.cfg.beanvalidation.BeanValidationEventListener.validate(BeanValidationEventListener.java:161)
	at org.hibernate.cfg.beanvalidation.BeanValidationEventListener.onPreInsert(BeanValidationEventListener.java:94)
	at org.hibernate.action.EntityIdentityInsertAction.preInsert(EntityIdentityInsertAction.java:160)
	at org.hibernate.action.EntityIdentityInsertAction.execute(EntityIdentityInsertAction.java:65)
	at org.hibernate.engine.ActionQueue.execute(ActionQueue.java:273)
	at org.hibernate.event.def.AbstractSaveEventListener.performSaveOrReplicate(AbstractSaveEventListener.java:320)
	at org.hibernate.event.def.AbstractSaveEventListener.performSave(AbstractSaveEventListener.java:203)
	at org.hibernate.event.def.AbstractSaveEventListener.saveWithGeneratedId(AbstractSaveEventListener.java:129)
	at org.hibernate.ejb.event.EJB3PersistEventListener.saveWithGeneratedId(EJB3PersistEventListener.java:69)
	at org.hibernate.event.def.DefaultPersistEventListener.entityIsTransient(DefaultPersistEventListener.java:179)
	at org.hibernate.event.def.DefaultPersistEventListener.onPersist(DefaultPersistEventListener.java:135)
	at org.hibernate.event.def.DefaultPersistEventListener.onPersist(DefaultPersistEventListener.java:61)
	at org.hibernate.impl.SessionImpl.firePersist(SessionImpl.java:808)
	at org.hibernate.impl.SessionImpl.persist(SessionImpl.java:782)
	at org.hibernate.impl.SessionImpl.persist(SessionImpl.java:786)
	at org.hibernate.ejb.AbstractEntityManagerImpl.persist(AbstractEntityManagerImpl.java:672)
	at sun.reflect.GeneratedMethodAccessor17.invoke(Unknown Source)
	at sun.reflect.DelegatingMethodAccessorImpl.invoke(DelegatingMethodAccessorImpl.java:25)
	at java.lang.reflect.Method.invoke(Method.java:597)
	at org.springframework.orm.jpa.SharedEntityManagerCreator$SharedEntityManagerInvocationHandler.invoke(SharedEntityManagerCreator.java:240)
	at $Proxy35.persist(Unknown Source)
	at jp.co.hzmyh0.roo.searchbookroo.domain.Review_Roo_Entity.ajc$interMethod$jp_co_hzmyh0_roo_searchbookroo_domain_Review_Roo_Entity$jp_co_hzmyh0_roo_searchbookroo_domain_Review$persist(Review_Roo_Entity.aj:55)
	at jp.co.hzmyh0.roo.searchbookroo.domain.Review.persist(Review.java:1)
	at jp.co.hzmyh0.roo.searchbookroo.domain.Review_Roo_Entity.ajc$interMethodDispatch1$jp_co_hzmyh0_roo_searchbookroo_domain_Review_Roo_Entity$jp_co_hzmyh0_roo_searchbookroo_domain_Review$persist(Review_Roo_Entity.aj)
	at jp.co.hzmyh0.roo.searchbookroo.domain.ReviewDataOnDemand_Roo_DataOnDemand.ajc$interMethod$jp_co_hzmyh0_roo_searchbookroo_domain_ReviewDataOnDemand_Roo_DataOnDemand$jp_co_hzmyh0_roo_searchbookroo_domain_ReviewDataOnDemand$init(ReviewDataOnDemand_Roo_DataOnDemand.aj:77)
	... 41 more

testPersist(jp.co.hzmyh0.roo.searchbookroo.domain.ReviewIntegrationTest)  Time elapsed: 0.008 sec  <<< ERROR!
java.lang.RuntimeException: [ConstraintDescriptorImpl{annotation=javax.validation.constraints.DecimalMax, payloads=[], hasComposingConstraints=true, isReportAsSingleInvalidConstraint=false, elementType=FIELD, definedOn=DEFINED_LOCALLY, groups=[interface javax.validation.groups.Default], attributes={value=5, message={javax.validation.constraints.DecimalMax.message}, payload=[Ljava.lang.Class;@5b2eda6f, groups=[Ljava.lang.Class;@6106dc2d}}:must be less than or equal to 5=6]
	at jp.co.hzmyh0.roo.searchbookroo.domain.ReviewDataOnDemand_Roo_DataOnDemand.ajc$interMethod$jp_co_hzmyh0_roo_searchbookroo_domain_ReviewDataOnDemand_Roo_DataOnDemand$jp_co_hzmyh0_roo_searchbookroo_domain_ReviewDataOnDemand$init(ReviewDataOnDemand_Roo_DataOnDemand.aj:84)
	at jp.co.hzmyh0.roo.searchbookroo.domain.ReviewDataOnDemand.init(ReviewDataOnDemand.java:1)
	at jp.co.hzmyh0.roo.searchbookroo.domain.ReviewDataOnDemand_Roo_DataOnDemand.ajc$interMethodDispatch1$jp_co_hzmyh0_roo_searchbookroo_domain_ReviewDataOnDemand_Roo_DataOnDemand$jp_co_hzmyh0_roo_searchbookroo_domain_ReviewDataOnDemand$init(ReviewDataOnDemand_Roo_DataOnDemand.aj)
	at jp.co.hzmyh0.roo.searchbookroo.domain.ReviewDataOnDemand_Roo_DataOnDemand.ajc$interMethod$jp_co_hzmyh0_roo_searchbookroo_domain_ReviewDataOnDemand_Roo_DataOnDemand$jp_co_hzmyh0_roo_searchbookroo_domain_ReviewDataOnDemand$getRandomReview(ReviewDataOnDemand_Roo_DataOnDemand.aj:57)
	at jp.co.hzmyh0.roo.searchbookroo.domain.ReviewDataOnDemand.getRandomReview(ReviewDataOnDemand.java:1)
	at jp.co.hzmyh0.roo.searchbookroo.domain.ReviewDataOnDemand_Roo_DataOnDemand.ajc$interMethodDispatch1$jp_co_hzmyh0_roo_searchbookroo_domain_ReviewDataOnDemand_Roo_DataOnDemand$jp_co_hzmyh0_roo_searchbookroo_domain_ReviewDataOnDemand$getRandomReview(ReviewDataOnDemand_Roo_DataOnDemand.aj)
	at jp.co.hzmyh0.roo.searchbookroo.domain.ReviewIntegrationTest_Roo_IntegrationTest.ajc$interMethod$jp_co_hzmyh0_roo_searchbookroo_domain_ReviewIntegrationTest_Roo_IntegrationTest$jp_co_hzmyh0_roo_searchbookroo_domain_ReviewIntegrationTest$testPersist(ReviewIntegrationTest_Roo_IntegrationTest.aj:94)
	at jp.co.hzmyh0.roo.searchbookroo.domain.ReviewIntegrationTest.testPersist(ReviewIntegrationTest.java:1)
	at sun.reflect.NativeMethodAccessorImpl.invoke0(Native Method)
	at sun.reflect.NativeMethodAccessorImpl.invoke(NativeMethodAccessorImpl.java:39)
	at sun.reflect.DelegatingMethodAccessorImpl.invoke(DelegatingMethodAccessorImpl.java:25)
	at java.lang.reflect.Method.invoke(Method.java:597)
	at org.junit.runners.model.FrameworkMethod$1.runReflectiveCall(FrameworkMethod.java:44)
	at org.junit.internal.runners.model.ReflectiveCallable.run(ReflectiveCallable.java:15)
	at org.junit.runners.model.FrameworkMethod.invokeExplosively(FrameworkMethod.java:41)
	at org.junit.internal.runners.statements.InvokeMethod.evaluate(InvokeMethod.java:20)
	at org.springframework.test.context.junit4.statements.RunBeforeTestMethodCallbacks.evaluate(RunBeforeTestMethodCallbacks.java:74)
	at org.springframework.test.context.junit4.statements.RunAfterTestMethodCallbacks.evaluate(RunAfterTestMethodCallbacks.java:82)
	at org.springframework.test.context.junit4.statements.SpringRepeat.evaluate(SpringRepeat.java:72)
	at org.springframework.test.context.junit4.SpringJUnit4ClassRunner.runChild(SpringJUnit4ClassRunner.java:240)
	at org.junit.runners.BlockJUnit4ClassRunner.runChild(BlockJUnit4ClassRunner.java:49)
	at org.junit.runners.ParentRunner$3.run(ParentRunner.java:193)
	at org.junit.runners.ParentRunner$1.schedule(ParentRunner.java:52)
	at org.junit.runners.ParentRunner.runChildren(ParentRunner.java:191)
	at org.junit.runners.ParentRunner.access$000(ParentRunner.java:42)
	at org.junit.runners.ParentRunner$2.evaluate(ParentRunner.java:184)
	at org.springframework.test.context.junit4.statements.RunBeforeTestClassCallbacks.evaluate(RunBeforeTestClassCallbacks.java:61)
	at org.springframework.test.context.junit4.statements.RunAfterTestClassCallbacks.evaluate(RunAfterTestClassCallbacks.java:70)
	at org.junit.runners.ParentRunner.run(ParentRunner.java:236)
	at org.springframework.test.context.junit4.SpringJUnit4ClassRunner.run(SpringJUnit4ClassRunner.java:180)
	at org.apache.maven.surefire.junit4.JUnit4TestSet.execute(JUnit4TestSet.java:53)
	at org.apache.maven.surefire.junit4.JUnit4Provider.executeTestSet(JUnit4Provider.java:119)
	at org.apache.maven.surefire.junit4.JUnit4Provider.invoke(JUnit4Provider.java:101)
	at sun.reflect.NativeMethodAccessorImpl.invoke0(Native Method)
	at sun.reflect.NativeMethodAccessorImpl.invoke(NativeMethodAccessorImpl.java:39)
	at sun.reflect.DelegatingMethodAccessorImpl.invoke(DelegatingMethodAccessorImpl.java:25)
	at java.lang.reflect.Method.invoke(Method.java:597)
	at org.apache.maven.surefire.booter.ProviderFactory$ClassLoaderProxy.invoke(ProviderFactory.java:103)
	at $Proxy0.invoke(Unknown Source)
	at org.apache.maven.surefire.booter.SurefireStarter.invokeProvider(SurefireStarter.java:150)
	at org.apache.maven.surefire.booter.SurefireStarter.runSuitesInProcess(SurefireStarter.java:91)
	at org.apache.maven.surefire.booter.ForkedBooter.main(ForkedBooter.java:69)
Caused by: javax.validation.ConstraintViolationException: Validation failed for classes [jp.co.hzmyh0.roo.searchbookroo.domain.Review] during persist time for groups [javax.validation.groups.Default, ]
List of constraint violations:[
	ConstraintViolationImpl{interpolatedMessage='must be less than or equal to 5', propertyPath=score, rootBeanClass=class jp.co.hzmyh0.roo.searchbookroo.domain.Review, messageTemplate='{javax.validation.constraints.DecimalMax.message}'}
]
	at org.hibernate.cfg.beanvalidation.BeanValidationEventListener.validate(BeanValidationEventListener.java:161)
	at org.hibernate.cfg.beanvalidation.BeanValidationEventListener.onPreInsert(BeanValidationEventListener.java:94)
	at org.hibernate.action.EntityIdentityInsertAction.preInsert(EntityIdentityInsertAction.java:160)
	at org.hibernate.action.EntityIdentityInsertAction.execute(EntityIdentityInsertAction.java:65)
	at org.hibernate.engine.ActionQueue.execute(ActionQueue.java:273)
	at org.hibernate.event.def.AbstractSaveEventListener.performSaveOrReplicate(AbstractSaveEventListener.java:320)
	at org.hibernate.event.def.AbstractSaveEventListener.performSave(AbstractSaveEventListener.java:203)
	at org.hibernate.event.def.AbstractSaveEventListener.saveWithGeneratedId(AbstractSaveEventListener.java:129)
	at org.hibernate.ejb.event.EJB3PersistEventListener.saveWithGeneratedId(EJB3PersistEventListener.java:69)
	at org.hibernate.event.def.DefaultPersistEventListener.entityIsTransient(DefaultPersistEventListener.java:179)
	at org.hibernate.event.def.DefaultPersistEventListener.onPersist(DefaultPersistEventListener.java:135)
	at org.hibernate.event.def.DefaultPersistEventListener.onPersist(DefaultPersistEventListener.java:61)
	at org.hibernate.impl.SessionImpl.firePersist(SessionImpl.java:808)
	at org.hibernate.impl.SessionImpl.persist(SessionImpl.java:782)
	at org.hibernate.impl.SessionImpl.persist(SessionImpl.java:786)
	at org.hibernate.ejb.AbstractEntityManagerImpl.persist(AbstractEntityManagerImpl.java:672)
	at sun.reflect.GeneratedMethodAccessor17.invoke(Unknown Source)
	at sun.reflect.DelegatingMethodAccessorImpl.invoke(DelegatingMethodAccessorImpl.java:25)
	at java.lang.reflect.Method.invoke(Method.java:597)
	at org.springframework.orm.jpa.SharedEntityManagerCreator$SharedEntityManagerInvocationHandler.invoke(SharedEntityManagerCreator.java:240)
	at $Proxy35.persist(Unknown Source)
	at jp.co.hzmyh0.roo.searchbookroo.domain.Review_Roo_Entity.ajc$interMethod$jp_co_hzmyh0_roo_searchbookroo_domain_Review_Roo_Entity$jp_co_hzmyh0_roo_searchbookroo_domain_Review$persist(Review_Roo_Entity.aj:55)
	at jp.co.hzmyh0.roo.searchbookroo.domain.Review.persist(Review.java:1)
	at jp.co.hzmyh0.roo.searchbookroo.domain.Review_Roo_Entity.ajc$interMethodDispatch1$jp_co_hzmyh0_roo_searchbookroo_domain_Review_Roo_Entity$jp_co_hzmyh0_roo_searchbookroo_domain_Review$persist(Review_Roo_Entity.aj)
	at jp.co.hzmyh0.roo.searchbookroo.domain.ReviewDataOnDemand_Roo_DataOnDemand.ajc$interMethod$jp_co_hzmyh0_roo_searchbookroo_domain_ReviewDataOnDemand_Roo_DataOnDemand$jp_co_hzmyh0_roo_searchbookroo_domain_ReviewDataOnDemand$init(ReviewDataOnDemand_Roo_DataOnDemand.aj:77)
	... 41 more

testRemove(jp.co.hzmyh0.roo.searchbookroo.domain.ReviewIntegrationTest)  Time elapsed: 0.007 sec  <<< ERROR!
java.lang.RuntimeException: [ConstraintDescriptorImpl{annotation=javax.validation.constraints.DecimalMax, payloads=[], hasComposingConstraints=true, isReportAsSingleInvalidConstraint=false, elementType=FIELD, definedOn=DEFINED_LOCALLY, groups=[interface javax.validation.groups.Default], attributes={value=5, message={javax.validation.constraints.DecimalMax.message}, payload=[Ljava.lang.Class;@5b2eda6f, groups=[Ljava.lang.Class;@6106dc2d}}:must be less than or equal to 5=6]
	at jp.co.hzmyh0.roo.searchbookroo.domain.ReviewDataOnDemand_Roo_DataOnDemand.ajc$interMethod$jp_co_hzmyh0_roo_searchbookroo_domain_ReviewDataOnDemand_Roo_DataOnDemand$jp_co_hzmyh0_roo_searchbookroo_domain_ReviewDataOnDemand$init(ReviewDataOnDemand_Roo_DataOnDemand.aj:84)
	at jp.co.hzmyh0.roo.searchbookroo.domain.ReviewDataOnDemand.init(ReviewDataOnDemand.java:1)
	at jp.co.hzmyh0.roo.searchbookroo.domain.ReviewDataOnDemand_Roo_DataOnDemand.ajc$interMethodDispatch1$jp_co_hzmyh0_roo_searchbookroo_domain_ReviewDataOnDemand_Roo_DataOnDemand$jp_co_hzmyh0_roo_searchbookroo_domain_ReviewDataOnDemand$init(ReviewDataOnDemand_Roo_DataOnDemand.aj)
	at jp.co.hzmyh0.roo.searchbookroo.domain.ReviewDataOnDemand_Roo_DataOnDemand.ajc$interMethod$jp_co_hzmyh0_roo_searchbookroo_domain_ReviewDataOnDemand_Roo_DataOnDemand$jp_co_hzmyh0_roo_searchbookroo_domain_ReviewDataOnDemand$getRandomReview(ReviewDataOnDemand_Roo_DataOnDemand.aj:57)
	at jp.co.hzmyh0.roo.searchbookroo.domain.ReviewDataOnDemand.getRandomReview(ReviewDataOnDemand.java:1)
	at jp.co.hzmyh0.roo.searchbookroo.domain.ReviewDataOnDemand_Roo_DataOnDemand.ajc$interMethodDispatch1$jp_co_hzmyh0_roo_searchbookroo_domain_ReviewDataOnDemand_Roo_DataOnDemand$jp_co_hzmyh0_roo_searchbookroo_domain_ReviewDataOnDemand$getRandomReview(ReviewDataOnDemand_Roo_DataOnDemand.aj)
	at jp.co.hzmyh0.roo.searchbookroo.domain.ReviewIntegrationTest_Roo_IntegrationTest.ajc$interMethod$jp_co_hzmyh0_roo_searchbookroo_domain_ReviewIntegrationTest_Roo_IntegrationTest$jp_co_hzmyh0_roo_searchbookroo_domain_ReviewIntegrationTest$testRemove(ReviewIntegrationTest_Roo_IntegrationTest.aj:105)
	at jp.co.hzmyh0.roo.searchbookroo.domain.ReviewIntegrationTest.testRemove(ReviewIntegrationTest.java:1)
	at sun.reflect.NativeMethodAccessorImpl.invoke0(Native Method)
	at sun.reflect.NativeMethodAccessorImpl.invoke(NativeMethodAccessorImpl.java:39)
	at sun.reflect.DelegatingMethodAccessorImpl.invoke(DelegatingMethodAccessorImpl.java:25)
	at java.lang.reflect.Method.invoke(Method.java:597)
	at org.junit.runners.model.FrameworkMethod$1.runReflectiveCall(FrameworkMethod.java:44)
	at org.junit.internal.runners.model.ReflectiveCallable.run(ReflectiveCallable.java:15)
	at org.junit.runners.model.FrameworkMethod.invokeExplosively(FrameworkMethod.java:41)
	at org.junit.internal.runners.statements.InvokeMethod.evaluate(InvokeMethod.java:20)
	at org.springframework.test.context.junit4.statements.RunBeforeTestMethodCallbacks.evaluate(RunBeforeTestMethodCallbacks.java:74)
	at org.springframework.test.context.junit4.statements.RunAfterTestMethodCallbacks.evaluate(RunAfterTestMethodCallbacks.java:82)
	at org.springframework.test.context.junit4.statements.SpringRepeat.evaluate(SpringRepeat.java:72)
	at org.springframework.test.context.junit4.SpringJUnit4ClassRunner.runChild(SpringJUnit4ClassRunner.java:240)
	at org.junit.runners.BlockJUnit4ClassRunner.runChild(BlockJUnit4ClassRunner.java:49)
	at org.junit.runners.ParentRunner$3.run(ParentRunner.java:193)
	at org.junit.runners.ParentRunner$1.schedule(ParentRunner.java:52)
	at org.junit.runners.ParentRunner.runChildren(ParentRunner.java:191)
	at org.junit.runners.ParentRunner.access$000(ParentRunner.java:42)
	at org.junit.runners.ParentRunner$2.evaluate(ParentRunner.java:184)
	at org.springframework.test.context.junit4.statements.RunBeforeTestClassCallbacks.evaluate(RunBeforeTestClassCallbacks.java:61)
	at org.springframework.test.context.junit4.statements.RunAfterTestClassCallbacks.evaluate(RunAfterTestClassCallbacks.java:70)
	at org.junit.runners.ParentRunner.run(ParentRunner.java:236)
	at org.springframework.test.context.junit4.SpringJUnit4ClassRunner.run(SpringJUnit4ClassRunner.java:180)
	at org.apache.maven.surefire.junit4.JUnit4TestSet.execute(JUnit4TestSet.java:53)
	at org.apache.maven.surefire.junit4.JUnit4Provider.executeTestSet(JUnit4Provider.java:119)
	at org.apache.maven.surefire.junit4.JUnit4Provider.invoke(JUnit4Provider.java:101)
	at sun.reflect.NativeMethodAccessorImpl.invoke0(Native Method)
	at sun.reflect.NativeMethodAccessorImpl.invoke(NativeMethodAccessorImpl.java:39)
	at sun.reflect.DelegatingMethodAccessorImpl.invoke(DelegatingMethodAccessorImpl.java:25)
	at java.lang.reflect.Method.invoke(Method.java:597)
	at org.apache.maven.surefire.booter.ProviderFactory$ClassLoaderProxy.invoke(ProviderFactory.java:103)
	at $Proxy0.invoke(Unknown Source)
	at org.apache.maven.surefire.booter.SurefireStarter.invokeProvider(SurefireStarter.java:150)
	at org.apache.maven.surefire.booter.SurefireStarter.runSuitesInProcess(SurefireStarter.java:91)
	at org.apache.maven.surefire.booter.ForkedBooter.main(ForkedBooter.java:69)
Caused by: javax.validation.ConstraintViolationException: Validation failed for classes [jp.co.hzmyh0.roo.searchbookroo.domain.Review] during persist time for groups [javax.validation.groups.Default, ]
List of constraint violations:[
	ConstraintViolationImpl{interpolatedMessage='must be less than or equal to 5', propertyPath=score, rootBeanClass=class jp.co.hzmyh0.roo.searchbookroo.domain.Review, messageTemplate='{javax.validation.constraints.DecimalMax.message}'}
]
	at org.hibernate.cfg.beanvalidation.BeanValidationEventListener.validate(BeanValidationEventListener.java:161)
	at org.hibernate.cfg.beanvalidation.BeanValidationEventListener.onPreInsert(BeanValidationEventListener.java:94)
	at org.hibernate.action.EntityIdentityInsertAction.preInsert(EntityIdentityInsertAction.java:160)
	at org.hibernate.action.EntityIdentityInsertAction.execute(EntityIdentityInsertAction.java:65)
	at org.hibernate.engine.ActionQueue.execute(ActionQueue.java:273)
	at org.hibernate.event.def.AbstractSaveEventListener.performSaveOrReplicate(AbstractSaveEventListener.java:320)
	at org.hibernate.event.def.AbstractSaveEventListener.performSave(AbstractSaveEventListener.java:203)
	at org.hibernate.event.def.AbstractSaveEventListener.saveWithGeneratedId(AbstractSaveEventListener.java:129)
	at org.hibernate.ejb.event.EJB3PersistEventListener.saveWithGeneratedId(EJB3PersistEventListener.java:69)
	at org.hibernate.event.def.DefaultPersistEventListener.entityIsTransient(DefaultPersistEventListener.java:179)
	at org.hibernate.event.def.DefaultPersistEventListener.onPersist(DefaultPersistEventListener.java:135)
	at org.hibernate.event.def.DefaultPersistEventListener.onPersist(DefaultPersistEventListener.java:61)
	at org.hibernate.impl.SessionImpl.firePersist(SessionImpl.java:808)
	at org.hibernate.impl.SessionImpl.persist(SessionImpl.java:782)
	at org.hibernate.impl.SessionImpl.persist(SessionImpl.java:786)
	at org.hibernate.ejb.AbstractEntityManagerImpl.persist(AbstractEntityManagerImpl.java:672)
	at sun.reflect.GeneratedMethodAccessor17.invoke(Unknown Source)
	at sun.reflect.DelegatingMethodAccessorImpl.invoke(DelegatingMethodAccessorImpl.java:25)
	at java.lang.reflect.Method.invoke(Method.java:597)
	at org.springframework.orm.jpa.SharedEntityManagerCreator$SharedEntityManagerInvocationHandler.invoke(SharedEntityManagerCreator.java:240)
	at $Proxy35.persist(Unknown Source)
	at jp.co.hzmyh0.roo.searchbookroo.domain.Review_Roo_Entity.ajc$interMethod$jp_co_hzmyh0_roo_searchbookroo_domain_Review_Roo_Entity$jp_co_hzmyh0_roo_searchbookroo_domain_Review$persist(Review_Roo_Entity.aj:55)
	at jp.co.hzmyh0.roo.searchbookroo.domain.Review.persist(Review.java:1)
	at jp.co.hzmyh0.roo.searchbookroo.domain.Review_Roo_Entity.ajc$interMethodDispatch1$jp_co_hzmyh0_roo_searchbookroo_domain_Review_Roo_Entity$jp_co_hzmyh0_roo_searchbookroo_domain_Review$persist(Review_Roo_Entity.aj)
	at jp.co.hzmyh0.roo.searchbookroo.domain.ReviewDataOnDemand_Roo_DataOnDemand.ajc$interMethod$jp_co_hzmyh0_roo_searchbookroo_domain_ReviewDataOnDemand_Roo_DataOnDemand$jp_co_hzmyh0_roo_searchbookroo_domain_ReviewDataOnDemand$init(ReviewDataOnDemand_Roo_DataOnDemand.aj:77)
	... 41 more

testCountReviews(jp.co.hzmyh0.roo.searchbookroo.domain.ReviewIntegrationTest)  Time elapsed: 0.008 sec  <<< ERROR!
java.lang.RuntimeException: [ConstraintDescriptorImpl{annotation=javax.validation.constraints.DecimalMax, payloads=[], hasComposingConstraints=true, isReportAsSingleInvalidConstraint=false, elementType=FIELD, definedOn=DEFINED_LOCALLY, groups=[interface javax.validation.groups.Default], attributes={value=5, message={javax.validation.constraints.DecimalMax.message}, payload=[Ljava.lang.Class;@5b2eda6f, groups=[Ljava.lang.Class;@6106dc2d}}:must be less than or equal to 5=6]
	at jp.co.hzmyh0.roo.searchbookroo.domain.ReviewDataOnDemand_Roo_DataOnDemand.ajc$interMethod$jp_co_hzmyh0_roo_searchbookroo_domain_ReviewDataOnDemand_Roo_DataOnDemand$jp_co_hzmyh0_roo_searchbookroo_domain_ReviewDataOnDemand$init(ReviewDataOnDemand_Roo_DataOnDemand.aj:84)
	at jp.co.hzmyh0.roo.searchbookroo.domain.ReviewDataOnDemand.init(ReviewDataOnDemand.java:1)
	at jp.co.hzmyh0.roo.searchbookroo.domain.ReviewDataOnDemand_Roo_DataOnDemand.ajc$interMethodDispatch1$jp_co_hzmyh0_roo_searchbookroo_domain_ReviewDataOnDemand_Roo_DataOnDemand$jp_co_hzmyh0_roo_searchbookroo_domain_ReviewDataOnDemand$init(ReviewDataOnDemand_Roo_DataOnDemand.aj)
	at jp.co.hzmyh0.roo.searchbookroo.domain.ReviewDataOnDemand_Roo_DataOnDemand.ajc$interMethod$jp_co_hzmyh0_roo_searchbookroo_domain_ReviewDataOnDemand_Roo_DataOnDemand$jp_co_hzmyh0_roo_searchbookroo_domain_ReviewDataOnDemand$getRandomReview(ReviewDataOnDemand_Roo_DataOnDemand.aj:57)
	at jp.co.hzmyh0.roo.searchbookroo.domain.ReviewDataOnDemand.getRandomReview(ReviewDataOnDemand.java:1)
	at jp.co.hzmyh0.roo.searchbookroo.domain.ReviewDataOnDemand_Roo_DataOnDemand.ajc$interMethodDispatch1$jp_co_hzmyh0_roo_searchbookroo_domain_ReviewDataOnDemand_Roo_DataOnDemand$jp_co_hzmyh0_roo_searchbookroo_domain_ReviewDataOnDemand$getRandomReview(ReviewDataOnDemand_Roo_DataOnDemand.aj)
	at jp.co.hzmyh0.roo.searchbookroo.domain.ReviewIntegrationTest_Roo_IntegrationTest.ajc$interMethod$jp_co_hzmyh0_roo_searchbookroo_domain_ReviewIntegrationTest_Roo_IntegrationTest$jp_co_hzmyh0_roo_searchbookroo_domain_ReviewIntegrationTest$testCountReviews(ReviewIntegrationTest_Roo_IntegrationTest.aj:27)
	at jp.co.hzmyh0.roo.searchbookroo.domain.ReviewIntegrationTest.testCountReviews(ReviewIntegrationTest.java:1)
	at sun.reflect.NativeMethodAccessorImpl.invoke0(Native Method)
	at sun.reflect.NativeMethodAccessorImpl.invoke(NativeMethodAccessorImpl.java:39)
	at sun.reflect.DelegatingMethodAccessorImpl.invoke(DelegatingMethodAccessorImpl.java:25)
	at java.lang.reflect.Method.invoke(Method.java:597)
	at org.junit.runners.model.FrameworkMethod$1.runReflectiveCall(FrameworkMethod.java:44)
	at org.junit.internal.runners.model.ReflectiveCallable.run(ReflectiveCallable.java:15)
	at org.junit.runners.model.FrameworkMethod.invokeExplosively(FrameworkMethod.java:41)
	at org.junit.internal.runners.statements.InvokeMethod.evaluate(InvokeMethod.java:20)
	at org.springframework.test.context.junit4.statements.RunBeforeTestMethodCallbacks.evaluate(RunBeforeTestMethodCallbacks.java:74)
	at org.springframework.test.context.junit4.statements.RunAfterTestMethodCallbacks.evaluate(RunAfterTestMethodCallbacks.java:82)
	at org.springframework.test.context.junit4.statements.SpringRepeat.evaluate(SpringRepeat.java:72)
	at org.springframework.test.context.junit4.SpringJUnit4ClassRunner.runChild(SpringJUnit4ClassRunner.java:240)
	at org.junit.runners.BlockJUnit4ClassRunner.runChild(BlockJUnit4ClassRunner.java:49)
	at org.junit.runners.ParentRunner$3.run(ParentRunner.java:193)
	at org.junit.runners.ParentRunner$1.schedule(ParentRunner.java:52)
	at org.junit.runners.ParentRunner.runChildren(ParentRunner.java:191)
	at org.junit.runners.ParentRunner.access$000(ParentRunner.java:42)
	at org.junit.runners.ParentRunner$2.evaluate(ParentRunner.java:184)
	at org.springframework.test.context.junit4.statements.RunBeforeTestClassCallbacks.evaluate(RunBeforeTestClassCallbacks.java:61)
	at org.springframework.test.context.junit4.statements.RunAfterTestClassCallbacks.evaluate(RunAfterTestClassCallbacks.java:70)
	at org.junit.runners.ParentRunner.run(ParentRunner.java:236)
	at org.springframework.test.context.junit4.SpringJUnit4ClassRunner.run(SpringJUnit4ClassRunner.java:180)
	at org.apache.maven.surefire.junit4.JUnit4TestSet.execute(JUnit4TestSet.java:53)
	at org.apache.maven.surefire.junit4.JUnit4Provider.executeTestSet(JUnit4Provider.java:119)
	at org.apache.maven.surefire.junit4.JUnit4Provider.invoke(JUnit4Provider.java:101)
	at sun.reflect.NativeMethodAccessorImpl.invoke0(Native Method)
	at sun.reflect.NativeMethodAccessorImpl.invoke(NativeMethodAccessorImpl.java:39)
	at sun.reflect.DelegatingMethodAccessorImpl.invoke(DelegatingMethodAccessorImpl.java:25)
	at java.lang.reflect.Method.invoke(Method.java:597)
	at org.apache.maven.surefire.booter.ProviderFactory$ClassLoaderProxy.invoke(ProviderFactory.java:103)
	at $Proxy0.invoke(Unknown Source)
	at org.apache.maven.surefire.booter.SurefireStarter.invokeProvider(SurefireStarter.java:150)
	at org.apache.maven.surefire.booter.SurefireStarter.runSuitesInProcess(SurefireStarter.java:91)
	at org.apache.maven.surefire.booter.ForkedBooter.main(ForkedBooter.java:69)
Caused by: javax.validation.ConstraintViolationException: Validation failed for classes [jp.co.hzmyh0.roo.searchbookroo.domain.Review] during persist time for groups [javax.validation.groups.Default, ]
List of constraint violations:[
	ConstraintViolationImpl{interpolatedMessage='must be less than or equal to 5', propertyPath=score, rootBeanClass=class jp.co.hzmyh0.roo.searchbookroo.domain.Review, messageTemplate='{javax.validation.constraints.DecimalMax.message}'}
]
	at org.hibernate.cfg.beanvalidation.BeanValidationEventListener.validate(BeanValidationEventListener.java:161)
	at org.hibernate.cfg.beanvalidation.BeanValidationEventListener.onPreInsert(BeanValidationEventListener.java:94)
	at org.hibernate.action.EntityIdentityInsertAction.preInsert(EntityIdentityInsertAction.java:160)
	at org.hibernate.action.EntityIdentityInsertAction.execute(EntityIdentityInsertAction.java:65)
	at org.hibernate.engine.ActionQueue.execute(ActionQueue.java:273)
	at org.hibernate.event.def.AbstractSaveEventListener.performSaveOrReplicate(AbstractSaveEventListener.java:320)
	at org.hibernate.event.def.AbstractSaveEventListener.performSave(AbstractSaveEventListener.java:203)
	at org.hibernate.event.def.AbstractSaveEventListener.saveWithGeneratedId(AbstractSaveEventListener.java:129)
	at org.hibernate.ejb.event.EJB3PersistEventListener.saveWithGeneratedId(EJB3PersistEventListener.java:69)
	at org.hibernate.event.def.DefaultPersistEventListener.entityIsTransient(DefaultPersistEventListener.java:179)
	at org.hibernate.event.def.DefaultPersistEventListener.onPersist(DefaultPersistEventListener.java:135)
	at org.hibernate.event.def.DefaultPersistEventListener.onPersist(DefaultPersistEventListener.java:61)
	at org.hibernate.impl.SessionImpl.firePersist(SessionImpl.java:808)
	at org.hibernate.impl.SessionImpl.persist(SessionImpl.java:782)
	at org.hibernate.impl.SessionImpl.persist(SessionImpl.java:786)
	at org.hibernate.ejb.AbstractEntityManagerImpl.persist(AbstractEntityManagerImpl.java:672)
	at sun.reflect.GeneratedMethodAccessor17.invoke(Unknown Source)
	at sun.reflect.DelegatingMethodAccessorImpl.invoke(DelegatingMethodAccessorImpl.java:25)
	at java.lang.reflect.Method.invoke(Method.java:597)
	at org.springframework.orm.jpa.SharedEntityManagerCreator$SharedEntityManagerInvocationHandler.invoke(SharedEntityManagerCreator.java:240)
	at $Proxy35.persist(Unknown Source)
	at jp.co.hzmyh0.roo.searchbookroo.domain.Review_Roo_Entity.ajc$interMethod$jp_co_hzmyh0_roo_searchbookroo_domain_Review_Roo_Entity$jp_co_hzmyh0_roo_searchbookroo_domain_Review$persist(Review_Roo_Entity.aj:55)
	at jp.co.hzmyh0.roo.searchbookroo.domain.Review.persist(Review.java:1)
	at jp.co.hzmyh0.roo.searchbookroo.domain.Review_Roo_Entity.ajc$interMethodDispatch1$jp_co_hzmyh0_roo_searchbookroo_domain_Review_Roo_Entity$jp_co_hzmyh0_roo_searchbookroo_domain_Review$persist(Review_Roo_Entity.aj)
	at jp.co.hzmyh0.roo.searchbookroo.domain.ReviewDataOnDemand_Roo_DataOnDemand.ajc$interMethod$jp_co_hzmyh0_roo_searchbookroo_domain_ReviewDataOnDemand_Roo_DataOnDemand$jp_co_hzmyh0_roo_searchbookroo_domain_ReviewDataOnDemand$init(ReviewDataOnDemand_Roo_DataOnDemand.aj:77)
	... 41 more

testFindReview(jp.co.hzmyh0.roo.searchbookroo.domain.ReviewIntegrationTest)  Time elapsed: 0.008 sec  <<< ERROR!
java.lang.RuntimeException: [ConstraintDescriptorImpl{annotation=javax.validation.constraints.DecimalMax, payloads=[], hasComposingConstraints=true, isReportAsSingleInvalidConstraint=false, elementType=FIELD, definedOn=DEFINED_LOCALLY, groups=[interface javax.validation.groups.Default], attributes={value=5, message={javax.validation.constraints.DecimalMax.message}, payload=[Ljava.lang.Class;@5b2eda6f, groups=[Ljava.lang.Class;@6106dc2d}}:must be less than or equal to 5=6]
	at jp.co.hzmyh0.roo.searchbookroo.domain.ReviewDataOnDemand_Roo_DataOnDemand.ajc$interMethod$jp_co_hzmyh0_roo_searchbookroo_domain_ReviewDataOnDemand_Roo_DataOnDemand$jp_co_hzmyh0_roo_searchbookroo_domain_ReviewDataOnDemand$init(ReviewDataOnDemand_Roo_DataOnDemand.aj:84)
	at jp.co.hzmyh0.roo.searchbookroo.domain.ReviewDataOnDemand.init(ReviewDataOnDemand.java:1)
	at jp.co.hzmyh0.roo.searchbookroo.domain.ReviewDataOnDemand_Roo_DataOnDemand.ajc$interMethodDispatch1$jp_co_hzmyh0_roo_searchbookroo_domain_ReviewDataOnDemand_Roo_DataOnDemand$jp_co_hzmyh0_roo_searchbookroo_domain_ReviewDataOnDemand$init(ReviewDataOnDemand_Roo_DataOnDemand.aj)
	at jp.co.hzmyh0.roo.searchbookroo.domain.ReviewDataOnDemand_Roo_DataOnDemand.ajc$interMethod$jp_co_hzmyh0_roo_searchbookroo_domain_ReviewDataOnDemand_Roo_DataOnDemand$jp_co_hzmyh0_roo_searchbookroo_domain_ReviewDataOnDemand$getRandomReview(ReviewDataOnDemand_Roo_DataOnDemand.aj:57)
	at jp.co.hzmyh0.roo.searchbookroo.domain.ReviewDataOnDemand.getRandomReview(ReviewDataOnDemand.java:1)
	at jp.co.hzmyh0.roo.searchbookroo.domain.ReviewDataOnDemand_Roo_DataOnDemand.ajc$interMethodDispatch1$jp_co_hzmyh0_roo_searchbookroo_domain_ReviewDataOnDemand_Roo_DataOnDemand$jp_co_hzmyh0_roo_searchbookroo_domain_ReviewDataOnDemand$getRandomReview(ReviewDataOnDemand_Roo_DataOnDemand.aj)
	at jp.co.hzmyh0.roo.searchbookroo.domain.ReviewIntegrationTest_Roo_IntegrationTest.ajc$interMethod$jp_co_hzmyh0_roo_searchbookroo_domain_ReviewIntegrationTest_Roo_IntegrationTest$jp_co_hzmyh0_roo_searchbookroo_domain_ReviewIntegrationTest$testFindReview(ReviewIntegrationTest_Roo_IntegrationTest.aj:34)
	at jp.co.hzmyh0.roo.searchbookroo.domain.ReviewIntegrationTest.testFindReview(ReviewIntegrationTest.java:1)
	at sun.reflect.NativeMethodAccessorImpl.invoke0(Native Method)
	at sun.reflect.NativeMethodAccessorImpl.invoke(NativeMethodAccessorImpl.java:39)
	at sun.reflect.DelegatingMethodAccessorImpl.invoke(DelegatingMethodAccessorImpl.java:25)
	at java.lang.reflect.Method.invoke(Method.java:597)
	at org.junit.runners.model.FrameworkMethod$1.runReflectiveCall(FrameworkMethod.java:44)
	at org.junit.internal.runners.model.ReflectiveCallable.run(ReflectiveCallable.java:15)
	at org.junit.runners.model.FrameworkMethod.invokeExplosively(FrameworkMethod.java:41)
	at org.junit.internal.runners.statements.InvokeMethod.evaluate(InvokeMethod.java:20)
	at org.springframework.test.context.junit4.statements.RunBeforeTestMethodCallbacks.evaluate(RunBeforeTestMethodCallbacks.java:74)
	at org.springframework.test.context.junit4.statements.RunAfterTestMethodCallbacks.evaluate(RunAfterTestMethodCallbacks.java:82)
	at org.springframework.test.context.junit4.statements.SpringRepeat.evaluate(SpringRepeat.java:72)
	at org.springframework.test.context.junit4.SpringJUnit4ClassRunner.runChild(SpringJUnit4ClassRunner.java:240)
	at org.junit.runners.BlockJUnit4ClassRunner.runChild(BlockJUnit4ClassRunner.java:49)
	at org.junit.runners.ParentRunner$3.run(ParentRunner.java:193)
	at org.junit.runners.ParentRunner$1.schedule(ParentRunner.java:52)
	at org.junit.runners.ParentRunner.runChildren(ParentRunner.java:191)
	at org.junit.runners.ParentRunner.access$000(ParentRunner.java:42)
	at org.junit.runners.ParentRunner$2.evaluate(ParentRunner.java:184)
	at org.springframework.test.context.junit4.statements.RunBeforeTestClassCallbacks.evaluate(RunBeforeTestClassCallbacks.java:61)
	at org.springframework.test.context.junit4.statements.RunAfterTestClassCallbacks.evaluate(RunAfterTestClassCallbacks.java:70)
	at org.junit.runners.ParentRunner.run(ParentRunner.java:236)
	at org.springframework.test.context.junit4.SpringJUnit4ClassRunner.run(SpringJUnit4ClassRunner.java:180)
	at org.apache.maven.surefire.junit4.JUnit4TestSet.execute(JUnit4TestSet.java:53)
	at org.apache.maven.surefire.junit4.JUnit4Provider.executeTestSet(JUnit4Provider.java:119)
	at org.apache.maven.surefire.junit4.JUnit4Provider.invoke(JUnit4Provider.java:101)
	at sun.reflect.NativeMethodAccessorImpl.invoke0(Native Method)
	at sun.reflect.NativeMethodAccessorImpl.invoke(NativeMethodAccessorImpl.java:39)
	at sun.reflect.DelegatingMethodAccessorImpl.invoke(DelegatingMethodAccessorImpl.java:25)
	at java.lang.reflect.Method.invoke(Method.java:597)
	at org.apache.maven.surefire.booter.ProviderFactory$ClassLoaderProxy.invoke(ProviderFactory.java:103)
	at $Proxy0.invoke(Unknown Source)
	at org.apache.maven.surefire.booter.SurefireStarter.invokeProvider(SurefireStarter.java:150)
	at org.apache.maven.surefire.booter.SurefireStarter.runSuitesInProcess(SurefireStarter.java:91)
	at org.apache.maven.surefire.booter.ForkedBooter.main(ForkedBooter.java:69)
Caused by: javax.validation.ConstraintViolationException: Validation failed for classes [jp.co.hzmyh0.roo.searchbookroo.domain.Review] during persist time for groups [javax.validation.groups.Default, ]
List of constraint violations:[
	ConstraintViolationImpl{interpolatedMessage='must be less than or equal to 5', propertyPath=score, rootBeanClass=class jp.co.hzmyh0.roo.searchbookroo.domain.Review, messageTemplate='{javax.validation.constraints.DecimalMax.message}'}
]
	at org.hibernate.cfg.beanvalidation.BeanValidationEventListener.validate(BeanValidationEventListener.java:161)
	at org.hibernate.cfg.beanvalidation.BeanValidationEventListener.onPreInsert(BeanValidationEventListener.java:94)
	at org.hibernate.action.EntityIdentityInsertAction.preInsert(EntityIdentityInsertAction.java:160)
	at org.hibernate.action.EntityIdentityInsertAction.execute(EntityIdentityInsertAction.java:65)
	at org.hibernate.engine.ActionQueue.execute(ActionQueue.java:273)
	at org.hibernate.event.def.AbstractSaveEventListener.performSaveOrReplicate(AbstractSaveEventListener.java:320)
	at org.hibernate.event.def.AbstractSaveEventListener.performSave(AbstractSaveEventListener.java:203)
	at org.hibernate.event.def.AbstractSaveEventListener.saveWithGeneratedId(AbstractSaveEventListener.java:129)
	at org.hibernate.ejb.event.EJB3PersistEventListener.saveWithGeneratedId(EJB3PersistEventListener.java:69)
	at org.hibernate.event.def.DefaultPersistEventListener.entityIsTransient(DefaultPersistEventListener.java:179)
	at org.hibernate.event.def.DefaultPersistEventListener.onPersist(DefaultPersistEventListener.java:135)
	at org.hibernate.event.def.DefaultPersistEventListener.onPersist(DefaultPersistEventListener.java:61)
	at org.hibernate.impl.SessionImpl.firePersist(SessionImpl.java:808)
	at org.hibernate.impl.SessionImpl.persist(SessionImpl.java:782)
	at org.hibernate.impl.SessionImpl.persist(SessionImpl.java:786)
	at org.hibernate.ejb.AbstractEntityManagerImpl.persist(AbstractEntityManagerImpl.java:672)
	at sun.reflect.GeneratedMethodAccessor17.invoke(Unknown Source)
	at sun.reflect.DelegatingMethodAccessorImpl.invoke(DelegatingMethodAccessorImpl.java:25)
	at java.lang.reflect.Method.invoke(Method.java:597)
	at org.springframework.orm.jpa.SharedEntityManagerCreator$SharedEntityManagerInvocationHandler.invoke(SharedEntityManagerCreator.java:240)
	at $Proxy35.persist(Unknown Source)
	at jp.co.hzmyh0.roo.searchbookroo.domain.Review_Roo_Entity.ajc$interMethod$jp_co_hzmyh0_roo_searchbookroo_domain_Review_Roo_Entity$jp_co_hzmyh0_roo_searchbookroo_domain_Review$persist(Review_Roo_Entity.aj:55)
	at jp.co.hzmyh0.roo.searchbookroo.domain.Review.persist(Review.java:1)
	at jp.co.hzmyh0.roo.searchbookroo.domain.Review_Roo_Entity.ajc$interMethodDispatch1$jp_co_hzmyh0_roo_searchbookroo_domain_Review_Roo_Entity$jp_co_hzmyh0_roo_searchbookroo_domain_Review$persist(Review_Roo_Entity.aj)
	at jp.co.hzmyh0.roo.searchbookroo.domain.ReviewDataOnDemand_Roo_DataOnDemand.ajc$interMethod$jp_co_hzmyh0_roo_searchbookroo_domain_ReviewDataOnDemand_Roo_DataOnDemand$jp_co_hzmyh0_roo_searchbookroo_domain_ReviewDataOnDemand$init(ReviewDataOnDemand_Roo_DataOnDemand.aj:77)
	... 41 more

testFindAllReviews(jp.co.hzmyh0.roo.searchbookroo.domain.ReviewIntegrationTest)  Time elapsed: 0.007 sec  <<< ERROR!
java.lang.RuntimeException: [ConstraintDescriptorImpl{annotation=javax.validation.constraints.DecimalMax, payloads=[], hasComposingConstraints=true, isReportAsSingleInvalidConstraint=false, elementType=FIELD, definedOn=DEFINED_LOCALLY, groups=[interface javax.validation.groups.Default], attributes={value=5, message={javax.validation.constraints.DecimalMax.message}, payload=[Ljava.lang.Class;@5b2eda6f, groups=[Ljava.lang.Class;@6106dc2d}}:must be less than or equal to 5=6]
	at jp.co.hzmyh0.roo.searchbookroo.domain.ReviewDataOnDemand_Roo_DataOnDemand.ajc$interMethod$jp_co_hzmyh0_roo_searchbookroo_domain_ReviewDataOnDemand_Roo_DataOnDemand$jp_co_hzmyh0_roo_searchbookroo_domain_ReviewDataOnDemand$init(ReviewDataOnDemand_Roo_DataOnDemand.aj:84)
	at jp.co.hzmyh0.roo.searchbookroo.domain.ReviewDataOnDemand.init(ReviewDataOnDemand.java:1)
	at jp.co.hzmyh0.roo.searchbookroo.domain.ReviewDataOnDemand_Roo_DataOnDemand.ajc$interMethodDispatch1$jp_co_hzmyh0_roo_searchbookroo_domain_ReviewDataOnDemand_Roo_DataOnDemand$jp_co_hzmyh0_roo_searchbookroo_domain_ReviewDataOnDemand$init(ReviewDataOnDemand_Roo_DataOnDemand.aj)
	at jp.co.hzmyh0.roo.searchbookroo.domain.ReviewDataOnDemand_Roo_DataOnDemand.ajc$interMethod$jp_co_hzmyh0_roo_searchbookroo_domain_ReviewDataOnDemand_Roo_DataOnDemand$jp_co_hzmyh0_roo_searchbookroo_domain_ReviewDataOnDemand$getRandomReview(ReviewDataOnDemand_Roo_DataOnDemand.aj:57)
	at jp.co.hzmyh0.roo.searchbookroo.domain.ReviewDataOnDemand.getRandomReview(ReviewDataOnDemand.java:1)
	at jp.co.hzmyh0.roo.searchbookroo.domain.ReviewDataOnDemand_Roo_DataOnDemand.ajc$interMethodDispatch1$jp_co_hzmyh0_roo_searchbookroo_domain_ReviewDataOnDemand_Roo_DataOnDemand$jp_co_hzmyh0_roo_searchbookroo_domain_ReviewDataOnDemand$getRandomReview(ReviewDataOnDemand_Roo_DataOnDemand.aj)
	at jp.co.hzmyh0.roo.searchbookroo.domain.ReviewIntegrationTest_Roo_IntegrationTest.ajc$interMethod$jp_co_hzmyh0_roo_searchbookroo_domain_ReviewIntegrationTest_Roo_IntegrationTest$jp_co_hzmyh0_roo_searchbookroo_domain_ReviewIntegrationTest$testFindAllReviews(ReviewIntegrationTest_Roo_IntegrationTest.aj:45)
	at jp.co.hzmyh0.roo.searchbookroo.domain.ReviewIntegrationTest.testFindAllReviews(ReviewIntegrationTest.java:1)
	at sun.reflect.NativeMethodAccessorImpl.invoke0(Native Method)
	at sun.reflect.NativeMethodAccessorImpl.invoke(NativeMethodAccessorImpl.java:39)
	at sun.reflect.DelegatingMethodAccessorImpl.invoke(DelegatingMethodAccessorImpl.java:25)
	at java.lang.reflect.Method.invoke(Method.java:597)
	at org.junit.runners.model.FrameworkMethod$1.runReflectiveCall(FrameworkMethod.java:44)
	at org.junit.internal.runners.model.ReflectiveCallable.run(ReflectiveCallable.java:15)
	at org.junit.runners.model.FrameworkMethod.invokeExplosively(FrameworkMethod.java:41)
	at org.junit.internal.runners.statements.InvokeMethod.evaluate(InvokeMethod.java:20)
	at org.springframework.test.context.junit4.statements.RunBeforeTestMethodCallbacks.evaluate(RunBeforeTestMethodCallbacks.java:74)
	at org.springframework.test.context.junit4.statements.RunAfterTestMethodCallbacks.evaluate(RunAfterTestMethodCallbacks.java:82)
	at org.springframework.test.context.junit4.statements.SpringRepeat.evaluate(SpringRepeat.java:72)
	at org.springframework.test.context.junit4.SpringJUnit4ClassRunner.runChild(SpringJUnit4ClassRunner.java:240)
	at org.junit.runners.BlockJUnit4ClassRunner.runChild(BlockJUnit4ClassRunner.java:49)
	at org.junit.runners.ParentRunner$3.run(ParentRunner.java:193)
	at org.junit.runners.ParentRunner$1.schedule(ParentRunner.java:52)
	at org.junit.runners.ParentRunner.runChildren(ParentRunner.java:191)
	at org.junit.runners.ParentRunner.access$000(ParentRunner.java:42)
	at org.junit.runners.ParentRunner$2.evaluate(ParentRunner.java:184)
	at org.springframework.test.context.junit4.statements.RunBeforeTestClassCallbacks.evaluate(RunBeforeTestClassCallbacks.java:61)
	at org.springframework.test.context.junit4.statements.RunAfterTestClassCallbacks.evaluate(RunAfterTestClassCallbacks.java:70)
	at org.junit.runners.ParentRunner.run(ParentRunner.java:236)
	at org.springframework.test.context.junit4.SpringJUnit4ClassRunner.run(SpringJUnit4ClassRunner.java:180)
	at org.apache.maven.surefire.junit4.JUnit4TestSet.execute(JUnit4TestSet.java:53)
	at org.apache.maven.surefire.junit4.JUnit4Provider.executeTestSet(JUnit4Provider.java:119)
	at org.apache.maven.surefire.junit4.JUnit4Provider.invoke(JUnit4Provider.java:101)
	at sun.reflect.NativeMethodAccessorImpl.invoke0(Native Method)
	at sun.reflect.NativeMethodAccessorImpl.invoke(NativeMethodAccessorImpl.java:39)
	at sun.reflect.DelegatingMethodAccessorImpl.invoke(DelegatingMethodAccessorImpl.java:25)
	at java.lang.reflect.Method.invoke(Method.java:597)
	at org.apache.maven.surefire.booter.ProviderFactory$ClassLoaderProxy.invoke(ProviderFactory.java:103)
	at $Proxy0.invoke(Unknown Source)
	at org.apache.maven.surefire.booter.SurefireStarter.invokeProvider(SurefireStarter.java:150)
	at org.apache.maven.surefire.booter.SurefireStarter.runSuitesInProcess(SurefireStarter.java:91)
	at org.apache.maven.surefire.booter.ForkedBooter.main(ForkedBooter.java:69)
Caused by: javax.validation.ConstraintViolationException: Validation failed for classes [jp.co.hzmyh0.roo.searchbookroo.domain.Review] during persist time for groups [javax.validation.groups.Default, ]
List of constraint violations:[
	ConstraintViolationImpl{interpolatedMessage='must be less than or equal to 5', propertyPath=score, rootBeanClass=class jp.co.hzmyh0.roo.searchbookroo.domain.Review, messageTemplate='{javax.validation.constraints.DecimalMax.message}'}
]
	at org.hibernate.cfg.beanvalidation.BeanValidationEventListener.validate(BeanValidationEventListener.java:161)
	at org.hibernate.cfg.beanvalidation.BeanValidationEventListener.onPreInsert(BeanValidationEventListener.java:94)
	at org.hibernate.action.EntityIdentityInsertAction.preInsert(EntityIdentityInsertAction.java:160)
	at org.hibernate.action.EntityIdentityInsertAction.execute(EntityIdentityInsertAction.java:65)
	at org.hibernate.engine.ActionQueue.execute(ActionQueue.java:273)
	at org.hibernate.event.def.AbstractSaveEventListener.performSaveOrReplicate(AbstractSaveEventListener.java:320)
	at org.hibernate.event.def.AbstractSaveEventListener.performSave(AbstractSaveEventListener.java:203)
	at org.hibernate.event.def.AbstractSaveEventListener.saveWithGeneratedId(AbstractSaveEventListener.java:129)
	at org.hibernate.ejb.event.EJB3PersistEventListener.saveWithGeneratedId(EJB3PersistEventListener.java:69)
	at org.hibernate.event.def.DefaultPersistEventListener.entityIsTransient(DefaultPersistEventListener.java:179)
	at org.hibernate.event.def.DefaultPersistEventListener.onPersist(DefaultPersistEventListener.java:135)
	at org.hibernate.event.def.DefaultPersistEventListener.onPersist(DefaultPersistEventListener.java:61)
	at org.hibernate.impl.SessionImpl.firePersist(SessionImpl.java:808)
	at org.hibernate.impl.SessionImpl.persist(SessionImpl.java:782)
	at org.hibernate.impl.SessionImpl.persist(SessionImpl.java:786)
	at org.hibernate.ejb.AbstractEntityManagerImpl.persist(AbstractEntityManagerImpl.java:672)
	at sun.reflect.GeneratedMethodAccessor17.invoke(Unknown Source)
	at sun.reflect.DelegatingMethodAccessorImpl.invoke(DelegatingMethodAccessorImpl.java:25)
	at java.lang.reflect.Method.invoke(Method.java:597)
	at org.springframework.orm.jpa.SharedEntityManagerCreator$SharedEntityManagerInvocationHandler.invoke(SharedEntityManagerCreator.java:240)
	at $Proxy35.persist(Unknown Source)
	at jp.co.hzmyh0.roo.searchbookroo.domain.Review_Roo_Entity.ajc$interMethod$jp_co_hzmyh0_roo_searchbookroo_domain_Review_Roo_Entity$jp_co_hzmyh0_roo_searchbookroo_domain_Review$persist(Review_Roo_Entity.aj:55)
	at jp.co.hzmyh0.roo.searchbookroo.domain.Review.persist(Review.java:1)
	at jp.co.hzmyh0.roo.searchbookroo.domain.Review_Roo_Entity.ajc$interMethodDispatch1$jp_co_hzmyh0_roo_searchbookroo_domain_Review_Roo_Entity$jp_co_hzmyh0_roo_searchbookroo_domain_Review$persist(Review_Roo_Entity.aj)
	at jp.co.hzmyh0.roo.searchbookroo.domain.ReviewDataOnDemand_Roo_DataOnDemand.ajc$interMethod$jp_co_hzmyh0_roo_searchbookroo_domain_ReviewDataOnDemand_Roo_DataOnDemand$jp_co_hzmyh0_roo_searchbookroo_domain_ReviewDataOnDemand$init(ReviewDataOnDemand_Roo_DataOnDemand.aj:77)
	... 41 more

testFindReviewEntries(jp.co.hzmyh0.roo.searchbookroo.domain.ReviewIntegrationTest)  Time elapsed: 0.008 sec  <<< ERROR!
java.lang.RuntimeException: [ConstraintDescriptorImpl{annotation=javax.validation.constraints.DecimalMax, payloads=[], hasComposingConstraints=true, isReportAsSingleInvalidConstraint=false, elementType=FIELD, definedOn=DEFINED_LOCALLY, groups=[interface javax.validation.groups.Default], attributes={value=5, message={javax.validation.constraints.DecimalMax.message}, payload=[Ljava.lang.Class;@5b2eda6f, groups=[Ljava.lang.Class;@6106dc2d}}:must be less than or equal to 5=6]
	at jp.co.hzmyh0.roo.searchbookroo.domain.ReviewDataOnDemand_Roo_DataOnDemand.ajc$interMethod$jp_co_hzmyh0_roo_searchbookroo_domain_ReviewDataOnDemand_Roo_DataOnDemand$jp_co_hzmyh0_roo_searchbookroo_domain_ReviewDataOnDemand$init(ReviewDataOnDemand_Roo_DataOnDemand.aj:84)
	at jp.co.hzmyh0.roo.searchbookroo.domain.ReviewDataOnDemand.init(ReviewDataOnDemand.java:1)
	at jp.co.hzmyh0.roo.searchbookroo.domain.ReviewDataOnDemand_Roo_DataOnDemand.ajc$interMethodDispatch1$jp_co_hzmyh0_roo_searchbookroo_domain_ReviewDataOnDemand_Roo_DataOnDemand$jp_co_hzmyh0_roo_searchbookroo_domain_ReviewDataOnDemand$init(ReviewDataOnDemand_Roo_DataOnDemand.aj)
	at jp.co.hzmyh0.roo.searchbookroo.domain.ReviewDataOnDemand_Roo_DataOnDemand.ajc$interMethod$jp_co_hzmyh0_roo_searchbookroo_domain_ReviewDataOnDemand_Roo_DataOnDemand$jp_co_hzmyh0_roo_searchbookroo_domain_ReviewDataOnDemand$getRandomReview(ReviewDataOnDemand_Roo_DataOnDemand.aj:57)
	at jp.co.hzmyh0.roo.searchbookroo.domain.ReviewDataOnDemand.getRandomReview(ReviewDataOnDemand.java:1)
	at jp.co.hzmyh0.roo.searchbookroo.domain.ReviewDataOnDemand_Roo_DataOnDemand.ajc$interMethodDispatch1$jp_co_hzmyh0_roo_searchbookroo_domain_ReviewDataOnDemand_Roo_DataOnDemand$jp_co_hzmyh0_roo_searchbookroo_domain_ReviewDataOnDemand$getRandomReview(ReviewDataOnDemand_Roo_DataOnDemand.aj)
	at jp.co.hzmyh0.roo.searchbookroo.domain.ReviewIntegrationTest_Roo_IntegrationTest.ajc$interMethod$jp_co_hzmyh0_roo_searchbookroo_domain_ReviewIntegrationTest_Roo_IntegrationTest$jp_co_hzmyh0_roo_searchbookroo_domain_ReviewIntegrationTest$testFindReviewEntries(ReviewIntegrationTest_Roo_IntegrationTest.aj:55)
	at jp.co.hzmyh0.roo.searchbookroo.domain.ReviewIntegrationTest.testFindReviewEntries(ReviewIntegrationTest.java:1)
	at sun.reflect.NativeMethodAccessorImpl.invoke0(Native Method)
	at sun.reflect.NativeMethodAccessorImpl.invoke(NativeMethodAccessorImpl.java:39)
	at sun.reflect.DelegatingMethodAccessorImpl.invoke(DelegatingMethodAccessorImpl.java:25)
	at java.lang.reflect.Method.invoke(Method.java:597)
	at org.junit.runners.model.FrameworkMethod$1.runReflectiveCall(FrameworkMethod.java:44)
	at org.junit.internal.runners.model.ReflectiveCallable.run(ReflectiveCallable.java:15)
	at org.junit.runners.model.FrameworkMethod.invokeExplosively(FrameworkMethod.java:41)
	at org.junit.internal.runners.statements.InvokeMethod.evaluate(InvokeMethod.java:20)
	at org.springframework.test.context.junit4.statements.RunBeforeTestMethodCallbacks.evaluate(RunBeforeTestMethodCallbacks.java:74)
	at org.springframework.test.context.junit4.statements.RunAfterTestMethodCallbacks.evaluate(RunAfterTestMethodCallbacks.java:82)
	at org.springframework.test.context.junit4.statements.SpringRepeat.evaluate(SpringRepeat.java:72)
	at org.springframework.test.context.junit4.SpringJUnit4ClassRunner.runChild(SpringJUnit4ClassRunner.java:240)
	at org.junit.runners.BlockJUnit4ClassRunner.runChild(BlockJUnit4ClassRunner.java:49)
	at org.junit.runners.ParentRunner$3.run(ParentRunner.java:193)
	at org.junit.runners.ParentRunner$1.schedule(ParentRunner.java:52)
	at org.junit.runners.ParentRunner.runChildren(ParentRunner.java:191)
	at org.junit.runners.ParentRunner.access$000(ParentRunner.java:42)
	at org.junit.runners.ParentRunner$2.evaluate(ParentRunner.java:184)
	at org.springframework.test.context.junit4.statements.RunBeforeTestClassCallbacks.evaluate(RunBeforeTestClassCallbacks.java:61)
	at org.springframework.test.context.junit4.statements.RunAfterTestClassCallbacks.evaluate(RunAfterTestClassCallbacks.java:70)
	at org.junit.runners.ParentRunner.run(ParentRunner.java:236)
	at org.springframework.test.context.junit4.SpringJUnit4ClassRunner.run(SpringJUnit4ClassRunner.java:180)
	at org.apache.maven.surefire.junit4.JUnit4TestSet.execute(JUnit4TestSet.java:53)
	at org.apache.maven.surefire.junit4.JUnit4Provider.executeTestSet(JUnit4Provider.java:119)
	at org.apache.maven.surefire.junit4.JUnit4Provider.invoke(JUnit4Provider.java:101)
	at sun.reflect.NativeMethodAccessorImpl.invoke0(Native Method)
	at sun.reflect.NativeMethodAccessorImpl.invoke(NativeMethodAccessorImpl.java:39)
	at sun.reflect.DelegatingMethodAccessorImpl.invoke(DelegatingMethodAccessorImpl.java:25)
	at java.lang.reflect.Method.invoke(Method.java:597)
	at org.apache.maven.surefire.booter.ProviderFactory$ClassLoaderProxy.invoke(ProviderFactory.java:103)
	at $Proxy0.invoke(Unknown Source)
	at org.apache.maven.surefire.booter.SurefireStarter.invokeProvider(SurefireStarter.java:150)
	at org.apache.maven.surefire.booter.SurefireStarter.runSuitesInProcess(SurefireStarter.java:91)
	at org.apache.maven.surefire.booter.ForkedBooter.main(ForkedBooter.java:69)
Caused by: javax.validation.ConstraintViolationException: Validation failed for classes [jp.co.hzmyh0.roo.searchbookroo.domain.Review] during persist time for groups [javax.validation.groups.Default, ]
List of constraint violations:[
	ConstraintViolationImpl{interpolatedMessage='must be less than or equal to 5', propertyPath=score, rootBeanClass=class jp.co.hzmyh0.roo.searchbookroo.domain.Review, messageTemplate='{javax.validation.constraints.DecimalMax.message}'}
]
	at org.hibernate.cfg.beanvalidation.BeanValidationEventListener.validate(BeanValidationEventListener.java:161)
	at org.hibernate.cfg.beanvalidation.BeanValidationEventListener.onPreInsert(BeanValidationEventListener.java:94)
	at org.hibernate.action.EntityIdentityInsertAction.preInsert(EntityIdentityInsertAction.java:160)
	at org.hibernate.action.EntityIdentityInsertAction.execute(EntityIdentityInsertAction.java:65)
	at org.hibernate.engine.ActionQueue.execute(ActionQueue.java:273)
	at org.hibernate.event.def.AbstractSaveEventListener.performSaveOrReplicate(AbstractSaveEventListener.java:320)
	at org.hibernate.event.def.AbstractSaveEventListener.performSave(AbstractSaveEventListener.java:203)
	at org.hibernate.event.def.AbstractSaveEventListener.saveWithGeneratedId(AbstractSaveEventListener.java:129)
	at org.hibernate.ejb.event.EJB3PersistEventListener.saveWithGeneratedId(EJB3PersistEventListener.java:69)
	at org.hibernate.event.def.DefaultPersistEventListener.entityIsTransient(DefaultPersistEventListener.java:179)
	at org.hibernate.event.def.DefaultPersistEventListener.onPersist(DefaultPersistEventListener.java:135)
	at org.hibernate.event.def.DefaultPersistEventListener.onPersist(DefaultPersistEventListener.java:61)
	at org.hibernate.impl.SessionImpl.firePersist(SessionImpl.java:808)
	at org.hibernate.impl.SessionImpl.persist(SessionImpl.java:782)
	at org.hibernate.impl.SessionImpl.persist(SessionImpl.java:786)
	at org.hibernate.ejb.AbstractEntityManagerImpl.persist(AbstractEntityManagerImpl.java:672)
	at sun.reflect.GeneratedMethodAccessor17.invoke(Unknown Source)
	at sun.reflect.DelegatingMethodAccessorImpl.invoke(DelegatingMethodAccessorImpl.java:25)
	at java.lang.reflect.Method.invoke(Method.java:597)
	at org.springframework.orm.jpa.SharedEntityManagerCreator$SharedEntityManagerInvocationHandler.invoke(SharedEntityManagerCreator.java:240)
	at $Proxy35.persist(Unknown Source)
	at jp.co.hzmyh0.roo.searchbookroo.domain.Review_Roo_Entity.ajc$interMethod$jp_co_hzmyh0_roo_searchbookroo_domain_Review_Roo_Entity$jp_co_hzmyh0_roo_searchbookroo_domain_Review$persist(Review_Roo_Entity.aj:55)
	at jp.co.hzmyh0.roo.searchbookroo.domain.Review.persist(Review.java:1)
	at jp.co.hzmyh0.roo.searchbookroo.domain.Review_Roo_Entity.ajc$interMethodDispatch1$jp_co_hzmyh0_roo_searchbookroo_domain_Review_Roo_Entity$jp_co_hzmyh0_roo_searchbookroo_domain_Review$persist(Review_Roo_Entity.aj)
	at jp.co.hzmyh0.roo.searchbookroo.domain.ReviewDataOnDemand_Roo_DataOnDemand.ajc$interMethod$jp_co_hzmyh0_roo_searchbookroo_domain_ReviewDataOnDemand_Roo_DataOnDemand$jp_co_hzmyh0_roo_searchbookroo_domain_ReviewDataOnDemand$init(ReviewDataOnDemand_Roo_DataOnDemand.aj:77)
	... 41 more

