<?xml version="1.0" encoding="UTF-8" ?>
<testsuite failures="0" time="0.099" errors="8" skipped="0" tests="9" name="jp.co.hzmyh0.roo.searchbookroo.domain.ReviewIntegrationTest">
  <properties>
    <property name="java.runtime.name" value="Java(TM) SE Runtime Environment"/>
    <property name="sun.boot.library.path" value="C:\Program Files\Java\jdk1.6.0_23\jre\bin"/>
    <property name="java.vm.version" value="19.0-b09"/>
    <property name="java.vm.vendor" value="Sun Microsystems Inc."/>
    <property name="java.vendor.url" value="http://java.sun.com/"/>
    <property name="path.separator" value=";"/>
    <property name="java.vm.name" value="Java HotSpot(TM) 64-Bit Server VM"/>
    <property name="file.encoding.pkg" value="sun.io"/>
    <property name="user.country" value="JP"/>
    <property name="sun.java.launcher" value="SUN_STANDARD"/>
    <property name="sun.os.patch.level" value="Service Pack 1"/>
    <property name="java.vm.specification.name" value="Java Virtual Machine Specification"/>
    <property name="user.dir" value="E:\datas\roo\searchBookRoo"/>
    <property name="java.runtime.version" value="1.6.0_23-b05"/>
    <property name="java.awt.graphicsenv" value="sun.awt.Win32GraphicsEnvironment"/>
    <property name="basedir" value="E:\datas\roo\searchBookRoo"/>
    <property name="java.endorsed.dirs" value="C:\Program Files\Java\jdk1.6.0_23\jre\lib\endorsed"/>
    <property name="os.arch" value="amd64"/>
    <property name="surefire.real.class.path" value="E:\datas\roo\searchBookRoo\target\surefire\surefirebooter6969505385199672284.jar"/>
    <property name="java.io.tmpdir" value="C:\Users\ADMINI~1\AppData\Local\Temp\"/>
    <property name="line.separator" value="
"/>
    <property name="java.vm.specification.vendor" value="Sun Microsystems Inc."/>
    <property name="user.variant" value=""/>
    <property name="os.name" value="Windows Server 2008 R2"/>
    <property name="sun.jnu.encoding" value="MS932"/>
    <property name="java.library.path" value="C:\Program Files\Java\jdk1.6.0_23\jre\bin;.;C:\Windows\Sun\Java\bin;C:\Windows\system32;C:\Windows;E:\app\Administrator\product\11.2.0\client_2\bin;C:\Program Files (x86)\Intel\Composer XE 2011 SP1\redist\ia32\tbb\vc10;C:\Program Files (x86)\Intel\Composer XE 2011 SP1\redist\intel64\tbb\vc10;C:\Program Files (x86)\Intel\Composer XE 2011 SP1\redist\intel64\ipp;C:\Program Files (x86)\Intel\Composer XE 2011 SP1\redist\ia32\ipp;C:\Program Files (x86)\Intel\Composer XE 2011 SP1\redist\intel64\mkl;C:\Program Files (x86)\Intel\Composer XE 2011 SP1\redist\ia32\mkl;C:\Program Files (x86)\Common Files\Intel\Shared Libraries\redist\intel64\compiler;C:\Program Files (x86)\Common Files\Intel\Shared Libraries\redist\ia32\compiler;E:\app\Administrator\product\11.2.0\client_1\bin;C:\Program Files\NVIDIA GPU Computing Toolkit\CUDA\v3.2\bin\;C:\Program Files (x86)\NVIDIA Corporation\PhysX\Common;C:\Python25;C:\Windows\system32;C:\Windows;C:\Windows\System32\Wbem;C:\Windows\System32\WindowsPowerShell\v1.0\;C:\tools\sakura;c:\Program Files (x86)\Microsoft SQL Server\90\Tools\binn\;C:\ProgramData\NVIDIA Corporation\NVIDIA GPU Computing SDK 3.2\C\common\bin;C:\Program Files\Java\jdk1.6.0_23\bin;E:\datas\scala\scala-2.9.0.1\bin;E:\libs\cppunit-1.12.0.x64.intel12\lib;E:\datas\DrSumNext\trunk\dwods\bin;C:\Program Files\TortoiseSVN\bin;E:\tools\apache-maven-3.0.3\bin;E:\tools\scala-2.9.0.1\bin;C:\Program Files\springsource\spring-roo-1.1.5.RELEASE\bin"/>
    <property name="surefire.test.class.path" value="E:\datas\roo\searchBookRoo\target\test-classes;E:\datas\roo\searchBookRoo\target\classes;C:\Users\Administrator\.m2\repository\junit\junit\4.8.2\junit-4.8.2.jar;C:\Users\Administrator\.m2\repository\log4j\log4j\1.2.16\log4j-1.2.16.jar;C:\Users\Administrator\.m2\repository\org\slf4j\slf4j-api\1.6.1\slf4j-api-1.6.1.jar;C:\Users\Administrator\.m2\repository\org\slf4j\jcl-over-slf4j\1.6.1\jcl-over-slf4j-1.6.1.jar;C:\Users\Administrator\.m2\repository\org\slf4j\slf4j-log4j12\1.6.1\slf4j-log4j12-1.6.1.jar;C:\Users\Administrator\.m2\repository\org\aspectj\aspectjrt\1.6.11\aspectjrt-1.6.11.jar;C:\Users\Administrator\.m2\repository\org\aspectj\aspectjweaver\1.6.11\aspectjweaver-1.6.11.jar;C:\Users\Administrator\.m2\repository\javax\servlet\servlet-api\2.5\servlet-api-2.5.jar;C:\Users\Administrator\.m2\repository\net\sf\flexjson\flexjson\2.1\flexjson-2.1.jar;C:\Users\Administrator\.m2\repository\org\springframework\roo\org.springframework.roo.annotations\1.1.5.RELEASE\org.springframework.roo.annotations-1.1.5.RELEASE.jar;C:\Users\Administrator\.m2\repository\org\springframework\spring-core\3.0.5.RELEASE\spring-core-3.0.5.RELEASE.jar;C:\Users\Administrator\.m2\repository\org\springframework\spring-asm\3.0.5.RELEASE\spring-asm-3.0.5.RELEASE.jar;C:\Users\Administrator\.m2\repository\org\springframework\spring-test\3.0.5.RELEASE\spring-test-3.0.5.RELEASE.jar;C:\Users\Administrator\.m2\repository\org\springframework\spring-context\3.0.5.RELEASE\spring-context-3.0.5.RELEASE.jar;C:\Users\Administrator\.m2\repository\org\springframework\spring-beans\3.0.5.RELEASE\spring-beans-3.0.5.RELEASE.jar;C:\Users\Administrator\.m2\repository\org\springframework\spring-expression\3.0.5.RELEASE\spring-expression-3.0.5.RELEASE.jar;C:\Users\Administrator\.m2\repository\org\springframework\spring-aop\3.0.5.RELEASE\spring-aop-3.0.5.RELEASE.jar;C:\Users\Administrator\.m2\repository\aopalliance\aopalliance\1.0\aopalliance-1.0.jar;C:\Users\Administrator\.m2\repository\org\springframework\spring-aspects\3.0.5.RELEASE\spring-aspects-3.0.5.RELEASE.jar;C:\Users\Administrator\.m2\repository\org\springframework\spring-context-support\3.0.5.RELEASE\spring-context-support-3.0.5.RELEASE.jar;C:\Users\Administrator\.m2\repository\org\springframework\spring-tx\3.0.5.RELEASE\spring-tx-3.0.5.RELEASE.jar;C:\Users\Administrator\.m2\repository\org\hsqldb\hsqldb\1.8.0.10\hsqldb-1.8.0.10.jar;C:\Users\Administrator\.m2\repository\org\hibernate\hibernate-core\3.6.4.Final\hibernate-core-3.6.4.Final.jar;C:\Users\Administrator\.m2\repository\antlr\antlr\2.7.6\antlr-2.7.6.jar;C:\Users\Administrator\.m2\repository\commons-collections\commons-collections\3.1\commons-collections-3.1.jar;C:\Users\Administrator\.m2\repository\dom4j\dom4j\1.6.1\dom4j-1.6.1.jar;C:\Users\Administrator\.m2\repository\org\hibernate\hibernate-commons-annotations\3.2.0.Final\hibernate-commons-annotations-3.2.0.Final.jar;C:\Users\Administrator\.m2\repository\org\hibernate\hibernate-entitymanager\3.6.4.Final\hibernate-entitymanager-3.6.4.Final.jar;C:\Users\Administrator\.m2\repository\cglib\cglib\2.2\cglib-2.2.jar;C:\Users\Administrator\.m2\repository\asm\asm\3.1\asm-3.1.jar;C:\Users\Administrator\.m2\repository\javassist\javassist\3.12.0.GA\javassist-3.12.0.GA.jar;C:\Users\Administrator\.m2\repository\org\hibernate\javax\persistence\hibernate-jpa-2.0-api\1.0.0.Final\hibernate-jpa-2.0-api-1.0.0.Final.jar;C:\Users\Administrator\.m2\repository\org\hibernate\hibernate-validator\4.1.0.Final\hibernate-validator-4.1.0.Final.jar;C:\Users\Administrator\.m2\repository\javax\validation\validation-api\1.0.0.GA\validation-api-1.0.0.GA.jar;C:\Users\Administrator\.m2\repository\cglib\cglib-nodep\2.2\cglib-nodep-2.2.jar;C:\Users\Administrator\.m2\repository\javax\transaction\jta\1.1\jta-1.1.jar;C:\Users\Administrator\.m2\repository\org\springframework\spring-jdbc\3.0.5.RELEASE\spring-jdbc-3.0.5.RELEASE.jar;C:\Users\Administrator\.m2\repository\org\springframework\spring-orm\3.0.5.RELEASE\spring-orm-3.0.5.RELEASE.jar;C:\Users\Administrator\.m2\repository\commons-pool\commons-pool\1.5.4\commons-pool-1.5.4.jar;C:\Users\Administrator\.m2\repository\commons-dbcp\commons-dbcp\1.3\commons-dbcp-1.3.jar;"/>
    <property name="java.specification.name" value="Java Platform API Specification"/>
    <property name="java.class.version" value="50.0"/>
    <property name="sun.management.compiler" value="HotSpot 64-Bit Server Compiler"/>
    <property name="os.version" value="6.1"/>
    <property name="user.home" value="C:\Users\Administrator"/>
    <property name="user.timezone" value="Asia/Tokyo"/>
    <property name="java.awt.printerjob" value="sun.awt.windows.WPrinterJob"/>
    <property name="java.specification.version" value="1.6"/>
    <property name="file.encoding" value="MS932"/>
    <property name="user.name" value="Administrator"/>
    <property name="java.class.path" value="E:\datas\roo\searchBookRoo\target\test-classes;E:\datas\roo\searchBookRoo\target\classes;C:\Users\Administrator\.m2\repository\junit\junit\4.8.2\junit-4.8.2.jar;C:\Users\Administrator\.m2\repository\log4j\log4j\1.2.16\log4j-1.2.16.jar;C:\Users\Administrator\.m2\repository\org\slf4j\slf4j-api\1.6.1\slf4j-api-1.6.1.jar;C:\Users\Administrator\.m2\repository\org\slf4j\jcl-over-slf4j\1.6.1\jcl-over-slf4j-1.6.1.jar;C:\Users\Administrator\.m2\repository\org\slf4j\slf4j-log4j12\1.6.1\slf4j-log4j12-1.6.1.jar;C:\Users\Administrator\.m2\repository\org\aspectj\aspectjrt\1.6.11\aspectjrt-1.6.11.jar;C:\Users\Administrator\.m2\repository\org\aspectj\aspectjweaver\1.6.11\aspectjweaver-1.6.11.jar;C:\Users\Administrator\.m2\repository\javax\servlet\servlet-api\2.5\servlet-api-2.5.jar;C:\Users\Administrator\.m2\repository\net\sf\flexjson\flexjson\2.1\flexjson-2.1.jar;C:\Users\Administrator\.m2\repository\org\springframework\roo\org.springframework.roo.annotations\1.1.5.RELEASE\org.springframework.roo.annotations-1.1.5.RELEASE.jar;C:\Users\Administrator\.m2\repository\org\springframework\spring-core\3.0.5.RELEASE\spring-core-3.0.5.RELEASE.jar;C:\Users\Administrator\.m2\repository\org\springframework\spring-asm\3.0.5.RELEASE\spring-asm-3.0.5.RELEASE.jar;C:\Users\Administrator\.m2\repository\org\springframework\spring-test\3.0.5.RELEASE\spring-test-3.0.5.RELEASE.jar;C:\Users\Administrator\.m2\repository\org\springframework\spring-context\3.0.5.RELEASE\spring-context-3.0.5.RELEASE.jar;C:\Users\Administrator\.m2\repository\org\springframework\spring-beans\3.0.5.RELEASE\spring-beans-3.0.5.RELEASE.jar;C:\Users\Administrator\.m2\repository\org\springframework\spring-expression\3.0.5.RELEASE\spring-expression-3.0.5.RELEASE.jar;C:\Users\Administrator\.m2\repository\org\springframework\spring-aop\3.0.5.RELEASE\spring-aop-3.0.5.RELEASE.jar;C:\Users\Administrator\.m2\repository\aopalliance\aopalliance\1.0\aopalliance-1.0.jar;C:\Users\Administrator\.m2\repository\org\springframework\spring-aspects\3.0.5.RELEASE\spring-aspects-3.0.5.RELEASE.jar;C:\Users\Administrator\.m2\repository\org\springframework\spring-context-support\3.0.5.RELEASE\spring-context-support-3.0.5.RELEASE.jar;C:\Users\Administrator\.m2\repository\org\springframework\spring-tx\3.0.5.RELEASE\spring-tx-3.0.5.RELEASE.jar;C:\Users\Administrator\.m2\repository\org\hsqldb\hsqldb\1.8.0.10\hsqldb-1.8.0.10.jar;C:\Users\Administrator\.m2\repository\org\hibernate\hibernate-core\3.6.4.Final\hibernate-core-3.6.4.Final.jar;C:\Users\Administrator\.m2\repository\antlr\antlr\2.7.6\antlr-2.7.6.jar;C:\Users\Administrator\.m2\repository\commons-collections\commons-collections\3.1\commons-collections-3.1.jar;C:\Users\Administrator\.m2\repository\dom4j\dom4j\1.6.1\dom4j-1.6.1.jar;C:\Users\Administrator\.m2\repository\org\hibernate\hibernate-commons-annotations\3.2.0.Final\hibernate-commons-annotations-3.2.0.Final.jar;C:\Users\Administrator\.m2\repository\org\hibernate\hibernate-entitymanager\3.6.4.Final\hibernate-entitymanager-3.6.4.Final.jar;C:\Users\Administrator\.m2\repository\cglib\cglib\2.2\cglib-2.2.jar;C:\Users\Administrator\.m2\repository\asm\asm\3.1\asm-3.1.jar;C:\Users\Administrator\.m2\repository\javassist\javassist\3.12.0.GA\javassist-3.12.0.GA.jar;C:\Users\Administrator\.m2\repository\org\hibernate\javax\persistence\hibernate-jpa-2.0-api\1.0.0.Final\hibernate-jpa-2.0-api-1.0.0.Final.jar;C:\Users\Administrator\.m2\repository\org\hibernate\hibernate-validator\4.1.0.Final\hibernate-validator-4.1.0.Final.jar;C:\Users\Administrator\.m2\repository\javax\validation\validation-api\1.0.0.GA\validation-api-1.0.0.GA.jar;C:\Users\Administrator\.m2\repository\cglib\cglib-nodep\2.2\cglib-nodep-2.2.jar;C:\Users\Administrator\.m2\repository\javax\transaction\jta\1.1\jta-1.1.jar;C:\Users\Administrator\.m2\repository\org\springframework\spring-jdbc\3.0.5.RELEASE\spring-jdbc-3.0.5.RELEASE.jar;C:\Users\Administrator\.m2\repository\org\springframework\spring-orm\3.0.5.RELEASE\spring-orm-3.0.5.RELEASE.jar;C:\Users\Administrator\.m2\repository\commons-pool\commons-pool\1.5.4\commons-pool-1.5.4.jar;C:\Users\Administrator\.m2\repository\commons-dbcp\commons-dbcp\1.3\commons-dbcp-1.3.jar;"/>
    <property name="java.vm.specification.version" value="1.0"/>
    <property name="sun.arch.data.model" value="64"/>
    <property name="java.home" value="C:\Program Files\Java\jdk1.6.0_23\jre"/>
    <property name="java.specification.vendor" value="Sun Microsystems Inc."/>
    <property name="user.language" value="ja"/>
    <property name="awt.toolkit" value="sun.awt.windows.WToolkit"/>
    <property name="java.vm.info" value="mixed mode"/>
    <property name="java.version" value="1.6.0_23"/>
    <property name="java.ext.dirs" value="C:\Program Files\Java\jdk1.6.0_23\jre\lib\ext;C:\Windows\Sun\Java\lib\ext"/>
    <property name="sun.boot.class.path" value="C:\Program Files\Java\jdk1.6.0_23\jre\lib\resources.jar;C:\Program Files\Java\jdk1.6.0_23\jre\lib\rt.jar;C:\Program Files\Java\jdk1.6.0_23\jre\lib\sunrsasign.jar;C:\Program Files\Java\jdk1.6.0_23\jre\lib\jsse.jar;C:\Program Files\Java\jdk1.6.0_23\jre\lib\jce.jar;C:\Program Files\Java\jdk1.6.0_23\jre\lib\charsets.jar;C:\Program Files\Java\jdk1.6.0_23\jre\lib\modules\jdk.boot.jar;C:\Program Files\Java\jdk1.6.0_23\jre\classes"/>
    <property name="java.vendor" value="Sun Microsystems Inc."/>
    <property name="localRepository" value="C:\Users\Administrator\.m2\repository"/>
    <property name="file.separator" value="\"/>
    <property name="java.vendor.url.bug" value="http://java.sun.com/cgi-bin/bugreport.cgi"/>
    <property name="sun.cpu.endian" value="little"/>
    <property name="sun.io.unicode.encoding" value="UnicodeLittle"/>
    <property name="sun.desktop" value="windows"/>
    <property name="sun.cpu.isalist" value="amd64"/>
  </properties>
  <testcase time="0.006" classname="jp.co.hzmyh0.roo.searchbookroo.domain.ReviewIntegrationTest" name="testMarkerMethod"/>
  <testcase time="0.025" classname="jp.co.hzmyh0.roo.searchbookroo.domain.ReviewIntegrationTest" name="testFlush">
    <error message="[ConstraintDescriptorImpl{annotation=javax.validation.constraints.DecimalMax, payloads=[], hasComposingConstraints=true, isReportAsSingleInvalidConstraint=false, elementType=FIELD, definedOn=DEFINED_LOCALLY, groups=[interface javax.validation.groups.Default], attributes={value=5, message={javax.validation.constraints.DecimalMax.message}, payload=[Ljava.lang.Class;@5b2eda6f, groups=[Ljava.lang.Class;@6106dc2d}}:must be less than or equal to 5=6]" type="java.lang.RuntimeException">java.lang.RuntimeException: [ConstraintDescriptorImpl{annotation=javax.validation.constraints.DecimalMax, payloads=[], hasComposingConstraints=true, isReportAsSingleInvalidConstraint=false, elementType=FIELD, definedOn=DEFINED_LOCALLY, groups=[interface javax.validation.groups.Default], attributes={value=5, message={javax.validation.constraints.DecimalMax.message}, payload=[Ljava.lang.Class;@5b2eda6f, groups=[Ljava.lang.Class;@6106dc2d}}:must be less than or equal to 5=6]
	at jp.co.hzmyh0.roo.searchbookroo.domain.ReviewDataOnDemand_Roo_DataOnDemand.ajc$interMethod$jp_co_hzmyh0_roo_searchbookroo_domain_ReviewDataOnDemand_Roo_DataOnDemand$jp_co_hzmyh0_roo_searchbookroo_domain_ReviewDataOnDemand$init(ReviewDataOnDemand_Roo_DataOnDemand.aj:84)
	at jp.co.hzmyh0.roo.searchbookroo.domain.ReviewDataOnDemand.init(ReviewDataOnDemand.java:1)
	at jp.co.hzmyh0.roo.searchbookroo.domain.ReviewDataOnDemand_Roo_DataOnDemand.ajc$interMethodDispatch1$jp_co_hzmyh0_roo_searchbookroo_domain_ReviewDataOnDemand_Roo_DataOnDemand$jp_co_hzmyh0_roo_searchbookroo_domain_ReviewDataOnDemand$init(ReviewDataOnDemand_Roo_DataOnDemand.aj)
	at jp.co.hzmyh0.roo.searchbookroo.domain.ReviewDataOnDemand_Roo_DataOnDemand.ajc$interMethod$jp_co_hzmyh0_roo_searchbookroo_domain_ReviewDataOnDemand_Roo_DataOnDemand$jp_co_hzmyh0_roo_searchbookroo_domain_ReviewDataOnDemand$getRandomReview(ReviewDataOnDemand_Roo_DataOnDemand.aj:57)
	at jp.co.hzmyh0.roo.searchbookroo.domain.ReviewDataOnDemand.getRandomReview(ReviewDataOnDemand.java:1)
	at jp.co.hzmyh0.roo.searchbookroo.domain.ReviewDataOnDemand_Roo_DataOnDemand.ajc$interMethodDispatch1$jp_co_hzmyh0_roo_searchbookroo_domain_ReviewDataOnDemand_Roo_DataOnDemand$jp_co_hzmyh0_roo_searchbookroo_domain_ReviewDataOnDemand$getRandomReview(ReviewDataOnDemand_Roo_DataOnDemand.aj)
	at jp.co.hzmyh0.roo.searchbookroo.domain.ReviewIntegrationTest_Roo_IntegrationTest.ajc$interMethod$jp_co_hzmyh0_roo_searchbookroo_domain_ReviewIntegrationTest_Roo_IntegrationTest$jp_co_hzmyh0_roo_searchbookroo_domain_ReviewIntegrationTest$testFlush(ReviewIntegrationTest_Roo_IntegrationTest.aj:65)
	at jp.co.hzmyh0.roo.searchbookroo.domain.ReviewIntegrationTest.testFlush(ReviewIntegrationTest.java:1)
	at sun.reflect.NativeMethodAccessorImpl.invoke0(Native Method)
	at sun.reflect.NativeMethodAccessorImpl.invoke(NativeMethodAccessorImpl.java:39)
	at sun.reflect.DelegatingMethodAccessorImpl.invoke(DelegatingMethodAccessorImpl.java:25)
	at java.lang.reflect.Method.invoke(Method.java:597)
	at org.junit.runners.model.FrameworkMethod$1.runReflectiveCall(FrameworkMethod.java:44)
	at org.junit.internal.runners.model.ReflectiveCallable.run(ReflectiveCallable.java:15)
	at org.junit.runners.model.FrameworkMethod.invokeExplosively(FrameworkMethod.java:41)
	at org.junit.internal.runners.statements.InvokeMethod.evaluate(InvokeMethod.java:20)
	at org.springframework.test.context.junit4.statements.RunBeforeTestMethodCallbacks.evaluate(RunBeforeTestMethodCallbacks.java:74)
	at org.springframework.test.context.junit4.statements.RunAfterTestMethodCallbacks.evaluate(RunAfterTestMethodCallbacks.java:82)
	at org.springframework.test.context.junit4.statements.SpringRepeat.evaluate(SpringRepeat.java:72)
	at org.springframework.test.context.junit4.SpringJUnit4ClassRunner.runChild(SpringJUnit4ClassRunner.java:240)
	at org.junit.runners.BlockJUnit4ClassRunner.runChild(BlockJUnit4ClassRunner.java:49)
	at org.junit.runners.ParentRunner$3.run(ParentRunner.java:193)
	at org.junit.runners.ParentRunner$1.schedule(ParentRunner.java:52)
	at org.junit.runners.ParentRunner.runChildren(ParentRunner.java:191)
	at org.junit.runners.ParentRunner.access$000(ParentRunner.java:42)
	at org.junit.runners.ParentRunner$2.evaluate(ParentRunner.java:184)
	at org.springframework.test.context.junit4.statements.RunBeforeTestClassCallbacks.evaluate(RunBeforeTestClassCallbacks.java:61)
	at org.springframework.test.context.junit4.statements.RunAfterTestClassCallbacks.evaluate(RunAfterTestClassCallbacks.java:70)
	at org.junit.runners.ParentRunner.run(ParentRunner.java:236)
	at org.springframework.test.context.junit4.SpringJUnit4ClassRunner.run(SpringJUnit4ClassRunner.java:180)
	at org.apache.maven.surefire.junit4.JUnit4TestSet.execute(JUnit4TestSet.java:53)
	at org.apache.maven.surefire.junit4.JUnit4Provider.executeTestSet(JUnit4Provider.java:119)
	at org.apache.maven.surefire.junit4.JUnit4Provider.invoke(JUnit4Provider.java:101)
	at sun.reflect.NativeMethodAccessorImpl.invoke0(Native Method)
	at sun.reflect.NativeMethodAccessorImpl.invoke(NativeMethodAccessorImpl.java:39)
	at sun.reflect.DelegatingMethodAccessorImpl.invoke(DelegatingMethodAccessorImpl.java:25)
	at java.lang.reflect.Method.invoke(Method.java:597)
	at org.apache.maven.surefire.booter.ProviderFactory$ClassLoaderProxy.invoke(ProviderFactory.java:103)
	at $Proxy0.invoke(Unknown Source)
	at org.apache.maven.surefire.booter.SurefireStarter.invokeProvider(SurefireStarter.java:150)
	at org.apache.maven.surefire.booter.SurefireStarter.runSuitesInProcess(SurefireStarter.java:91)
	at org.apache.maven.surefire.booter.ForkedBooter.main(ForkedBooter.java:69)
Caused by: javax.validation.ConstraintViolationException: Validation failed for classes [jp.co.hzmyh0.roo.searchbookroo.domain.Review] during persist time for groups [javax.validation.groups.Default, ]
List of constraint violations:[
	ConstraintViolationImpl{interpolatedMessage=&apos;must be less than or equal to 5&apos;, propertyPath=score, rootBeanClass=class jp.co.hzmyh0.roo.searchbookroo.domain.Review, messageTemplate=&apos;{javax.validation.constraints.DecimalMax.message}&apos;}
]
	at org.hibernate.cfg.beanvalidation.BeanValidationEventListener.validate(BeanValidationEventListener.java:161)
	at org.hibernate.cfg.beanvalidation.BeanValidationEventListener.onPreInsert(BeanValidationEventListener.java:94)
	at org.hibernate.action.EntityIdentityInsertAction.preInsert(EntityIdentityInsertAction.java:160)
	at org.hibernate.action.EntityIdentityInsertAction.execute(EntityIdentityInsertAction.java:65)
	at org.hibernate.engine.ActionQueue.execute(ActionQueue.java:273)
	at org.hibernate.event.def.AbstractSaveEventListener.performSaveOrReplicate(AbstractSaveEventListener.java:320)
	at org.hibernate.event.def.AbstractSaveEventListener.performSave(AbstractSaveEventListener.java:203)
	at org.hibernate.event.def.AbstractSaveEventListener.saveWithGeneratedId(AbstractSaveEventListener.java:129)
	at org.hibernate.ejb.event.EJB3PersistEventListener.saveWithGeneratedId(EJB3PersistEventListener.java:69)
	at org.hibernate.event.def.DefaultPersistEventListener.entityIsTransient(DefaultPersistEventListener.java:179)
	at org.hibernate.event.def.DefaultPersistEventListener.onPersist(DefaultPersistEventListener.java:135)
	at org.hibernate.event.def.DefaultPersistEventListener.onPersist(DefaultPersistEventListener.java:61)
	at org.hibernate.impl.SessionImpl.firePersist(SessionImpl.java:808)
	at org.hibernate.impl.SessionImpl.persist(SessionImpl.java:782)
	at org.hibernate.impl.SessionImpl.persist(SessionImpl.java:786)
	at org.hibernate.ejb.AbstractEntityManagerImpl.persist(AbstractEntityManagerImpl.java:672)
	at sun.reflect.GeneratedMethodAccessor17.invoke(Unknown Source)
	at sun.reflect.DelegatingMethodAccessorImpl.invoke(DelegatingMethodAccessorImpl.java:25)
	at java.lang.reflect.Method.invoke(Method.java:597)
	at org.springframework.orm.jpa.SharedEntityManagerCreator$SharedEntityManagerInvocationHandler.invoke(SharedEntityManagerCreator.java:240)
	at $Proxy35.persist(Unknown Source)
	at jp.co.hzmyh0.roo.searchbookroo.domain.Review_Roo_Entity.ajc$interMethod$jp_co_hzmyh0_roo_searchbookroo_domain_Review_Roo_Entity$jp_co_hzmyh0_roo_searchbookroo_domain_Review$persist(Review_Roo_Entity.aj:55)
	at jp.co.hzmyh0.roo.searchbookroo.domain.Review.persist(Review.java:1)
	at jp.co.hzmyh0.roo.searchbookroo.domain.Review_Roo_Entity.ajc$interMethodDispatch1$jp_co_hzmyh0_roo_searchbookroo_domain_Review_Roo_Entity$jp_co_hzmyh0_roo_searchbookroo_domain_Review$persist(Review_Roo_Entity.aj)
	at jp.co.hzmyh0.roo.searchbookroo.domain.ReviewDataOnDemand_Roo_DataOnDemand.ajc$interMethod$jp_co_hzmyh0_roo_searchbookroo_domain_ReviewDataOnDemand_Roo_DataOnDemand$jp_co_hzmyh0_roo_searchbookroo_domain_ReviewDataOnDemand$init(ReviewDataOnDemand_Roo_DataOnDemand.aj:77)
	... 41 more
</error>
  </testcase>
  <testcase time="0.009" classname="jp.co.hzmyh0.roo.searchbookroo.domain.ReviewIntegrationTest" name="testMerge">
    <error message="[ConstraintDescriptorImpl{annotation=javax.validation.constraints.DecimalMax, payloads=[], hasComposingConstraints=true, isReportAsSingleInvalidConstraint=false, elementType=FIELD, definedOn=DEFINED_LOCALLY, groups=[interface javax.validation.groups.Default], attributes={value=5, message={javax.validation.constraints.DecimalMax.message}, payload=[Ljava.lang.Class;@5b2eda6f, groups=[Ljava.lang.Class;@6106dc2d}}:must be less than or equal to 5=6]" type="java.lang.RuntimeException">java.lang.RuntimeException: [ConstraintDescriptorImpl{annotation=javax.validation.constraints.DecimalMax, payloads=[], hasComposingConstraints=true, isReportAsSingleInvalidConstraint=false, elementType=FIELD, definedOn=DEFINED_LOCALLY, groups=[interface javax.validation.groups.Default], attributes={value=5, message={javax.validation.constraints.DecimalMax.message}, payload=[Ljava.lang.Class;@5b2eda6f, groups=[Ljava.lang.Class;@6106dc2d}}:must be less than or equal to 5=6]
	at jp.co.hzmyh0.roo.searchbookroo.domain.ReviewDataOnDemand_Roo_DataOnDemand.ajc$interMethod$jp_co_hzmyh0_roo_searchbookroo_domain_ReviewDataOnDemand_Roo_DataOnDemand$jp_co_hzmyh0_roo_searchbookroo_domain_ReviewDataOnDemand$init(ReviewDataOnDemand_Roo_DataOnDemand.aj:84)
	at jp.co.hzmyh0.roo.searchbookroo.domain.ReviewDataOnDemand.init(ReviewDataOnDemand.java:1)
	at jp.co.hzmyh0.roo.searchbookroo.domain.ReviewDataOnDemand_Roo_DataOnDemand.ajc$interMethodDispatch1$jp_co_hzmyh0_roo_searchbookroo_domain_ReviewDataOnDemand_Roo_DataOnDemand$jp_co_hzmyh0_roo_searchbookroo_domain_ReviewDataOnDemand$init(ReviewDataOnDemand_Roo_DataOnDemand.aj)
	at jp.co.hzmyh0.roo.searchbookroo.domain.ReviewDataOnDemand_Roo_DataOnDemand.ajc$interMethod$jp_co_hzmyh0_roo_searchbookroo_domain_ReviewDataOnDemand_Roo_DataOnDemand$jp_co_hzmyh0_roo_searchbookroo_domain_ReviewDataOnDemand$getRandomReview(ReviewDataOnDemand_Roo_DataOnDemand.aj:57)
	at jp.co.hzmyh0.roo.searchbookroo.domain.ReviewDataOnDemand.getRandomReview(ReviewDataOnDemand.java:1)
	at jp.co.hzmyh0.roo.searchbookroo.domain.ReviewDataOnDemand_Roo_DataOnDemand.ajc$interMethodDispatch1$jp_co_hzmyh0_roo_searchbookroo_domain_ReviewDataOnDemand_Roo_DataOnDemand$jp_co_hzmyh0_roo_searchbookroo_domain_ReviewDataOnDemand$getRandomReview(ReviewDataOnDemand_Roo_DataOnDemand.aj)
	at jp.co.hzmyh0.roo.searchbookroo.domain.ReviewIntegrationTest_Roo_IntegrationTest.ajc$interMethod$jp_co_hzmyh0_roo_searchbookroo_domain_ReviewIntegrationTest_Roo_IntegrationTest$jp_co_hzmyh0_roo_searchbookroo_domain_ReviewIntegrationTest$testMerge(ReviewIntegrationTest_Roo_IntegrationTest.aj:79)
	at jp.co.hzmyh0.roo.searchbookroo.domain.ReviewIntegrationTest.testMerge(ReviewIntegrationTest.java:1)
	at sun.reflect.NativeMethodAccessorImpl.invoke0(Native Method)
	at sun.reflect.NativeMethodAccessorImpl.invoke(NativeMethodAccessorImpl.java:39)
	at sun.reflect.DelegatingMethodAccessorImpl.invoke(DelegatingMethodAccessorImpl.java:25)
	at java.lang.reflect.Method.invoke(Method.java:597)
	at org.junit.runners.model.FrameworkMethod$1.runReflectiveCall(FrameworkMethod.java:44)
	at org.junit.internal.runners.model.ReflectiveCallable.run(ReflectiveCallable.java:15)
	at org.junit.runners.model.FrameworkMethod.invokeExplosively(FrameworkMethod.java:41)
	at org.junit.internal.runners.statements.InvokeMethod.evaluate(InvokeMethod.java:20)
	at org.springframework.test.context.junit4.statements.RunBeforeTestMethodCallbacks.evaluate(RunBeforeTestMethodCallbacks.java:74)
	at org.springframework.test.context.junit4.statements.RunAfterTestMethodCallbacks.evaluate(RunAfterTestMethodCallbacks.java:82)
	at org.springframework.test.context.junit4.statements.SpringRepeat.evaluate(SpringRepeat.java:72)
	at org.springframework.test.context.junit4.SpringJUnit4ClassRunner.runChild(SpringJUnit4ClassRunner.java:240)
	at org.junit.runners.BlockJUnit4ClassRunner.runChild(BlockJUnit4ClassRunner.java:49)
	at org.junit.runners.ParentRunner$3.run(ParentRunner.java:193)
	at org.junit.runners.ParentRunner$1.schedule(ParentRunner.java:52)
	at org.junit.runners.ParentRunner.runChildren(ParentRunner.java:191)
	at org.junit.runners.ParentRunner.access$000(ParentRunner.java:42)
	at org.junit.runners.ParentRunner$2.evaluate(ParentRunner.java:184)
	at org.springframework.test.context.junit4.statements.RunBeforeTestClassCallbacks.evaluate(RunBeforeTestClassCallbacks.java:61)
	at org.springframework.test.context.junit4.statements.RunAfterTestClassCallbacks.evaluate(RunAfterTestClassCallbacks.java:70)
	at org.junit.runners.ParentRunner.run(ParentRunner.java:236)
	at org.springframework.test.context.junit4.SpringJUnit4ClassRunner.run(SpringJUnit4ClassRunner.java:180)
	at org.apache.maven.surefire.junit4.JUnit4TestSet.execute(JUnit4TestSet.java:53)
	at org.apache.maven.surefire.junit4.JUnit4Provider.executeTestSet(JUnit4Provider.java:119)
	at org.apache.maven.surefire.junit4.JUnit4Provider.invoke(JUnit4Provider.java:101)
	at sun.reflect.NativeMethodAccessorImpl.invoke0(Native Method)
	at sun.reflect.NativeMethodAccessorImpl.invoke(NativeMethodAccessorImpl.java:39)
	at sun.reflect.DelegatingMethodAccessorImpl.invoke(DelegatingMethodAccessorImpl.java:25)
	at java.lang.reflect.Method.invoke(Method.java:597)
	at org.apache.maven.surefire.booter.ProviderFactory$ClassLoaderProxy.invoke(ProviderFactory.java:103)
	at $Proxy0.invoke(Unknown Source)
	at org.apache.maven.surefire.booter.SurefireStarter.invokeProvider(SurefireStarter.java:150)
	at org.apache.maven.surefire.booter.SurefireStarter.runSuitesInProcess(SurefireStarter.java:91)
	at org.apache.maven.surefire.booter.ForkedBooter.main(ForkedBooter.java:69)
Caused by: javax.validation.ConstraintViolationException: Validation failed for classes [jp.co.hzmyh0.roo.searchbookroo.domain.Review] during persist time for groups [javax.validation.groups.Default, ]
List of constraint violations:[
	ConstraintViolationImpl{interpolatedMessage=&apos;must be less than or equal to 5&apos;, propertyPath=score, rootBeanClass=class jp.co.hzmyh0.roo.searchbookroo.domain.Review, messageTemplate=&apos;{javax.validation.constraints.DecimalMax.message}&apos;}
]
	at org.hibernate.cfg.beanvalidation.BeanValidationEventListener.validate(BeanValidationEventListener.java:161)
	at org.hibernate.cfg.beanvalidation.BeanValidationEventListener.onPreInsert(BeanValidationEventListener.java:94)
	at org.hibernate.action.EntityIdentityInsertAction.preInsert(EntityIdentityInsertAction.java:160)
	at org.hibernate.action.EntityIdentityInsertAction.execute(EntityIdentityInsertAction.java:65)
	at org.hibernate.engine.ActionQueue.execute(ActionQueue.java:273)
	at org.hibernate.event.def.AbstractSaveEventListener.performSaveOrReplicate(AbstractSaveEventListener.java:320)
	at org.hibernate.event.def.AbstractSaveEventListener.performSave(AbstractSaveEventListener.java:203)
	at org.hibernate.event.def.AbstractSaveEventListener.saveWithGeneratedId(AbstractSaveEventListener.java:129)
	at org.hibernate.ejb.event.EJB3PersistEventListener.saveWithGeneratedId(EJB3PersistEventListener.java:69)
	at org.hibernate.event.def.DefaultPersistEventListener.entityIsTransient(DefaultPersistEventListener.java:179)
	at org.hibernate.event.def.DefaultPersistEventListener.onPersist(DefaultPersistEventListener.java:135)
	at org.hibernate.event.def.DefaultPersistEventListener.onPersist(DefaultPersistEventListener.java:61)
	at org.hibernate.impl.SessionImpl.firePersist(SessionImpl.java:808)
	at org.hibernate.impl.SessionImpl.persist(SessionImpl.java:782)
	at org.hibernate.impl.SessionImpl.persist(SessionImpl.java:786)
	at org.hibernate.ejb.AbstractEntityManagerImpl.persist(AbstractEntityManagerImpl.java:672)
	at sun.reflect.GeneratedMethodAccessor17.invoke(Unknown Source)
	at sun.reflect.DelegatingMethodAccessorImpl.invoke(DelegatingMethodAccessorImpl.java:25)
	at java.lang.reflect.Method.invoke(Method.java:597)
	at org.springframework.orm.jpa.SharedEntityManagerCreator$SharedEntityManagerInvocationHandler.invoke(SharedEntityManagerCreator.java:240)
	at $Proxy35.persist(Unknown Source)
	at jp.co.hzmyh0.roo.searchbookroo.domain.Review_Roo_Entity.ajc$interMethod$jp_co_hzmyh0_roo_searchbookroo_domain_Review_Roo_Entity$jp_co_hzmyh0_roo_searchbookroo_domain_Review$persist(Review_Roo_Entity.aj:55)
	at jp.co.hzmyh0.roo.searchbookroo.domain.Review.persist(Review.java:1)
	at jp.co.hzmyh0.roo.searchbookroo.domain.Review_Roo_Entity.ajc$interMethodDispatch1$jp_co_hzmyh0_roo_searchbookroo_domain_Review_Roo_Entity$jp_co_hzmyh0_roo_searchbookroo_domain_Review$persist(Review_Roo_Entity.aj)
	at jp.co.hzmyh0.roo.searchbookroo.domain.ReviewDataOnDemand_Roo_DataOnDemand.ajc$interMethod$jp_co_hzmyh0_roo_searchbookroo_domain_ReviewDataOnDemand_Roo_DataOnDemand$jp_co_hzmyh0_roo_searchbookroo_domain_ReviewDataOnDemand$init(ReviewDataOnDemand_Roo_DataOnDemand.aj:77)
	... 41 more
</error>
  </testcase>
  <testcase time="0.008" classname="jp.co.hzmyh0.roo.searchbookroo.domain.ReviewIntegrationTest" name="testPersist">
    <error message="[ConstraintDescriptorImpl{annotation=javax.validation.constraints.DecimalMax, payloads=[], hasComposingConstraints=true, isReportAsSingleInvalidConstraint=false, elementType=FIELD, definedOn=DEFINED_LOCALLY, groups=[interface javax.validation.groups.Default], attributes={value=5, message={javax.validation.constraints.DecimalMax.message}, payload=[Ljava.lang.Class;@5b2eda6f, groups=[Ljava.lang.Class;@6106dc2d}}:must be less than or equal to 5=6]" type="java.lang.RuntimeException">java.lang.RuntimeException: [ConstraintDescriptorImpl{annotation=javax.validation.constraints.DecimalMax, payloads=[], hasComposingConstraints=true, isReportAsSingleInvalidConstraint=false, elementType=FIELD, definedOn=DEFINED_LOCALLY, groups=[interface javax.validation.groups.Default], attributes={value=5, message={javax.validation.constraints.DecimalMax.message}, payload=[Ljava.lang.Class;@5b2eda6f, groups=[Ljava.lang.Class;@6106dc2d}}:must be less than or equal to 5=6]
	at jp.co.hzmyh0.roo.searchbookroo.domain.ReviewDataOnDemand_Roo_DataOnDemand.ajc$interMethod$jp_co_hzmyh0_roo_searchbookroo_domain_ReviewDataOnDemand_Roo_DataOnDemand$jp_co_hzmyh0_roo_searchbookroo_domain_ReviewDataOnDemand$init(ReviewDataOnDemand_Roo_DataOnDemand.aj:84)
	at jp.co.hzmyh0.roo.searchbookroo.domain.ReviewDataOnDemand.init(ReviewDataOnDemand.java:1)
	at jp.co.hzmyh0.roo.searchbookroo.domain.ReviewDataOnDemand_Roo_DataOnDemand.ajc$interMethodDispatch1$jp_co_hzmyh0_roo_searchbookroo_domain_ReviewDataOnDemand_Roo_DataOnDemand$jp_co_hzmyh0_roo_searchbookroo_domain_ReviewDataOnDemand$init(ReviewDataOnDemand_Roo_DataOnDemand.aj)
	at jp.co.hzmyh0.roo.searchbookroo.domain.ReviewDataOnDemand_Roo_DataOnDemand.ajc$interMethod$jp_co_hzmyh0_roo_searchbookroo_domain_ReviewDataOnDemand_Roo_DataOnDemand$jp_co_hzmyh0_roo_searchbookroo_domain_ReviewDataOnDemand$getRandomReview(ReviewDataOnDemand_Roo_DataOnDemand.aj:57)
	at jp.co.hzmyh0.roo.searchbookroo.domain.ReviewDataOnDemand.getRandomReview(ReviewDataOnDemand.java:1)
	at jp.co.hzmyh0.roo.searchbookroo.domain.ReviewDataOnDemand_Roo_DataOnDemand.ajc$interMethodDispatch1$jp_co_hzmyh0_roo_searchbookroo_domain_ReviewDataOnDemand_Roo_DataOnDemand$jp_co_hzmyh0_roo_searchbookroo_domain_ReviewDataOnDemand$getRandomReview(ReviewDataOnDemand_Roo_DataOnDemand.aj)
	at jp.co.hzmyh0.roo.searchbookroo.domain.ReviewIntegrationTest_Roo_IntegrationTest.ajc$interMethod$jp_co_hzmyh0_roo_searchbookroo_domain_ReviewIntegrationTest_Roo_IntegrationTest$jp_co_hzmyh0_roo_searchbookroo_domain_ReviewIntegrationTest$testPersist(ReviewIntegrationTest_Roo_IntegrationTest.aj:94)
	at jp.co.hzmyh0.roo.searchbookroo.domain.ReviewIntegrationTest.testPersist(ReviewIntegrationTest.java:1)
	at sun.reflect.NativeMethodAccessorImpl.invoke0(Native Method)
	at sun.reflect.NativeMethodAccessorImpl.invoke(NativeMethodAccessorImpl.java:39)
	at sun.reflect.DelegatingMethodAccessorImpl.invoke(DelegatingMethodAccessorImpl.java:25)
	at java.lang.reflect.Method.invoke(Method.java:597)
	at org.junit.runners.model.FrameworkMethod$1.runReflectiveCall(FrameworkMethod.java:44)
	at org.junit.internal.runners.model.ReflectiveCallable.run(ReflectiveCallable.java:15)
	at org.junit.runners.model.FrameworkMethod.invokeExplosively(FrameworkMethod.java:41)
	at org.junit.internal.runners.statements.InvokeMethod.evaluate(InvokeMethod.java:20)
	at org.springframework.test.context.junit4.statements.RunBeforeTestMethodCallbacks.evaluate(RunBeforeTestMethodCallbacks.java:74)
	at org.springframework.test.context.junit4.statements.RunAfterTestMethodCallbacks.evaluate(RunAfterTestMethodCallbacks.java:82)
	at org.springframework.test.context.junit4.statements.SpringRepeat.evaluate(SpringRepeat.java:72)
	at org.springframework.test.context.junit4.SpringJUnit4ClassRunner.runChild(SpringJUnit4ClassRunner.java:240)
	at org.junit.runners.BlockJUnit4ClassRunner.runChild(BlockJUnit4ClassRunner.java:49)
	at org.junit.runners.ParentRunner$3.run(ParentRunner.java:193)
	at org.junit.runners.ParentRunner$1.schedule(ParentRunner.java:52)
	at org.junit.runners.ParentRunner.runChildren(ParentRunner.java:191)
	at org.junit.runners.ParentRunner.access$000(ParentRunner.java:42)
	at org.junit.runners.ParentRunner$2.evaluate(ParentRunner.java:184)
	at org.springframework.test.context.junit4.statements.RunBeforeTestClassCallbacks.evaluate(RunBeforeTestClassCallbacks.java:61)
	at org.springframework.test.context.junit4.statements.RunAfterTestClassCallbacks.evaluate(RunAfterTestClassCallbacks.java:70)
	at org.junit.runners.ParentRunner.run(ParentRunner.java:236)
	at org.springframework.test.context.junit4.SpringJUnit4ClassRunner.run(SpringJUnit4ClassRunner.java:180)
	at org.apache.maven.surefire.junit4.JUnit4TestSet.execute(JUnit4TestSet.java:53)
	at org.apache.maven.surefire.junit4.JUnit4Provider.executeTestSet(JUnit4Provider.java:119)
	at org.apache.maven.surefire.junit4.JUnit4Provider.invoke(JUnit4Provider.java:101)
	at sun.reflect.NativeMethodAccessorImpl.invoke0(Native Method)
	at sun.reflect.NativeMethodAccessorImpl.invoke(NativeMethodAccessorImpl.java:39)
	at sun.reflect.DelegatingMethodAccessorImpl.invoke(DelegatingMethodAccessorImpl.java:25)
	at java.lang.reflect.Method.invoke(Method.java:597)
	at org.apache.maven.surefire.booter.ProviderFactory$ClassLoaderProxy.invoke(ProviderFactory.java:103)
	at $Proxy0.invoke(Unknown Source)
	at org.apache.maven.surefire.booter.SurefireStarter.invokeProvider(SurefireStarter.java:150)
	at org.apache.maven.surefire.booter.SurefireStarter.runSuitesInProcess(SurefireStarter.java:91)
	at org.apache.maven.surefire.booter.ForkedBooter.main(ForkedBooter.java:69)
Caused by: javax.validation.ConstraintViolationException: Validation failed for classes [jp.co.hzmyh0.roo.searchbookroo.domain.Review] during persist time for groups [javax.validation.groups.Default, ]
List of constraint violations:[
	ConstraintViolationImpl{interpolatedMessage=&apos;must be less than or equal to 5&apos;, propertyPath=score, rootBeanClass=class jp.co.hzmyh0.roo.searchbookroo.domain.Review, messageTemplate=&apos;{javax.validation.constraints.DecimalMax.message}&apos;}
]
	at org.hibernate.cfg.beanvalidation.BeanValidationEventListener.validate(BeanValidationEventListener.java:161)
	at org.hibernate.cfg.beanvalidation.BeanValidationEventListener.onPreInsert(BeanValidationEventListener.java:94)
	at org.hibernate.action.EntityIdentityInsertAction.preInsert(EntityIdentityInsertAction.java:160)
	at org.hibernate.action.EntityIdentityInsertAction.execute(EntityIdentityInsertAction.java:65)
	at org.hibernate.engine.ActionQueue.execute(ActionQueue.java:273)
	at org.hibernate.event.def.AbstractSaveEventListener.performSaveOrReplicate(AbstractSaveEventListener.java:320)
	at org.hibernate.event.def.AbstractSaveEventListener.performSave(AbstractSaveEventListener.java:203)
	at org.hibernate.event.def.AbstractSaveEventListener.saveWithGeneratedId(AbstractSaveEventListener.java:129)
	at org.hibernate.ejb.event.EJB3PersistEventListener.saveWithGeneratedId(EJB3PersistEventListener.java:69)
	at org.hibernate.event.def.DefaultPersistEventListener.entityIsTransient(DefaultPersistEventListener.java:179)
	at org.hibernate.event.def.DefaultPersistEventListener.onPersist(DefaultPersistEventListener.java:135)
	at org.hibernate.event.def.DefaultPersistEventListener.onPersist(DefaultPersistEventListener.java:61)
	at org.hibernate.impl.SessionImpl.firePersist(SessionImpl.java:808)
	at org.hibernate.impl.SessionImpl.persist(SessionImpl.java:782)
	at org.hibernate.impl.SessionImpl.persist(SessionImpl.java:786)
	at org.hibernate.ejb.AbstractEntityManagerImpl.persist(AbstractEntityManagerImpl.java:672)
	at sun.reflect.GeneratedMethodAccessor17.invoke(Unknown Source)
	at sun.reflect.DelegatingMethodAccessorImpl.invoke(DelegatingMethodAccessorImpl.java:25)
	at java.lang.reflect.Method.invoke(Method.java:597)
	at org.springframework.orm.jpa.SharedEntityManagerCreator$SharedEntityManagerInvocationHandler.invoke(SharedEntityManagerCreator.java:240)
	at $Proxy35.persist(Unknown Source)
	at jp.co.hzmyh0.roo.searchbookroo.domain.Review_Roo_Entity.ajc$interMethod$jp_co_hzmyh0_roo_searchbookroo_domain_Review_Roo_Entity$jp_co_hzmyh0_roo_searchbookroo_domain_Review$persist(Review_Roo_Entity.aj:55)
	at jp.co.hzmyh0.roo.searchbookroo.domain.Review.persist(Review.java:1)
	at jp.co.hzmyh0.roo.searchbookroo.domain.Review_Roo_Entity.ajc$interMethodDispatch1$jp_co_hzmyh0_roo_searchbookroo_domain_Review_Roo_Entity$jp_co_hzmyh0_roo_searchbookroo_domain_Review$persist(Review_Roo_Entity.aj)
	at jp.co.hzmyh0.roo.searchbookroo.domain.ReviewDataOnDemand_Roo_DataOnDemand.ajc$interMethod$jp_co_hzmyh0_roo_searchbookroo_domain_ReviewDataOnDemand_Roo_DataOnDemand$jp_co_hzmyh0_roo_searchbookroo_domain_ReviewDataOnDemand$init(ReviewDataOnDemand_Roo_DataOnDemand.aj:77)
	... 41 more
</error>
  </testcase>
  <testcase time="0.008" classname="jp.co.hzmyh0.roo.searchbookroo.domain.ReviewIntegrationTest" name="testRemove">
    <error message="[ConstraintDescriptorImpl{annotation=javax.validation.constraints.DecimalMax, payloads=[], hasComposingConstraints=true, isReportAsSingleInvalidConstraint=false, elementType=FIELD, definedOn=DEFINED_LOCALLY, groups=[interface javax.validation.groups.Default], attributes={value=5, message={javax.validation.constraints.DecimalMax.message}, payload=[Ljava.lang.Class;@5b2eda6f, groups=[Ljava.lang.Class;@6106dc2d}}:must be less than or equal to 5=6]" type="java.lang.RuntimeException">java.lang.RuntimeException: [ConstraintDescriptorImpl{annotation=javax.validation.constraints.DecimalMax, payloads=[], hasComposingConstraints=true, isReportAsSingleInvalidConstraint=false, elementType=FIELD, definedOn=DEFINED_LOCALLY, groups=[interface javax.validation.groups.Default], attributes={value=5, message={javax.validation.constraints.DecimalMax.message}, payload=[Ljava.lang.Class;@5b2eda6f, groups=[Ljava.lang.Class;@6106dc2d}}:must be less than or equal to 5=6]
	at jp.co.hzmyh0.roo.searchbookroo.domain.ReviewDataOnDemand_Roo_DataOnDemand.ajc$interMethod$jp_co_hzmyh0_roo_searchbookroo_domain_ReviewDataOnDemand_Roo_DataOnDemand$jp_co_hzmyh0_roo_searchbookroo_domain_ReviewDataOnDemand$init(ReviewDataOnDemand_Roo_DataOnDemand.aj:84)
	at jp.co.hzmyh0.roo.searchbookroo.domain.ReviewDataOnDemand.init(ReviewDataOnDemand.java:1)
	at jp.co.hzmyh0.roo.searchbookroo.domain.ReviewDataOnDemand_Roo_DataOnDemand.ajc$interMethodDispatch1$jp_co_hzmyh0_roo_searchbookroo_domain_ReviewDataOnDemand_Roo_DataOnDemand$jp_co_hzmyh0_roo_searchbookroo_domain_ReviewDataOnDemand$init(ReviewDataOnDemand_Roo_DataOnDemand.aj)
	at jp.co.hzmyh0.roo.searchbookroo.domain.ReviewDataOnDemand_Roo_DataOnDemand.ajc$interMethod$jp_co_hzmyh0_roo_searchbookroo_domain_ReviewDataOnDemand_Roo_DataOnDemand$jp_co_hzmyh0_roo_searchbookroo_domain_ReviewDataOnDemand$getRandomReview(ReviewDataOnDemand_Roo_DataOnDemand.aj:57)
	at jp.co.hzmyh0.roo.searchbookroo.domain.ReviewDataOnDemand.getRandomReview(ReviewDataOnDemand.java:1)
	at jp.co.hzmyh0.roo.searchbookroo.domain.ReviewDataOnDemand_Roo_DataOnDemand.ajc$interMethodDispatch1$jp_co_hzmyh0_roo_searchbookroo_domain_ReviewDataOnDemand_Roo_DataOnDemand$jp_co_hzmyh0_roo_searchbookroo_domain_ReviewDataOnDemand$getRandomReview(ReviewDataOnDemand_Roo_DataOnDemand.aj)
	at jp.co.hzmyh0.roo.searchbookroo.domain.ReviewIntegrationTest_Roo_IntegrationTest.ajc$interMethod$jp_co_hzmyh0_roo_searchbookroo_domain_ReviewIntegrationTest_Roo_IntegrationTest$jp_co_hzmyh0_roo_searchbookroo_domain_ReviewIntegrationTest$testRemove(ReviewIntegrationTest_Roo_IntegrationTest.aj:105)
	at jp.co.hzmyh0.roo.searchbookroo.domain.ReviewIntegrationTest.testRemove(ReviewIntegrationTest.java:1)
	at sun.reflect.NativeMethodAccessorImpl.invoke0(Native Method)
	at sun.reflect.NativeMethodAccessorImpl.invoke(NativeMethodAccessorImpl.java:39)
	at sun.reflect.DelegatingMethodAccessorImpl.invoke(DelegatingMethodAccessorImpl.java:25)
	at java.lang.reflect.Method.invoke(Method.java:597)
	at org.junit.runners.model.FrameworkMethod$1.runReflectiveCall(FrameworkMethod.java:44)
	at org.junit.internal.runners.model.ReflectiveCallable.run(ReflectiveCallable.java:15)
	at org.junit.runners.model.FrameworkMethod.invokeExplosively(FrameworkMethod.java:41)
	at org.junit.internal.runners.statements.InvokeMethod.evaluate(InvokeMethod.java:20)
	at org.springframework.test.context.junit4.statements.RunBeforeTestMethodCallbacks.evaluate(RunBeforeTestMethodCallbacks.java:74)
	at org.springframework.test.context.junit4.statements.RunAfterTestMethodCallbacks.evaluate(RunAfterTestMethodCallbacks.java:82)
	at org.springframework.test.context.junit4.statements.SpringRepeat.evaluate(SpringRepeat.java:72)
	at org.springframework.test.context.junit4.SpringJUnit4ClassRunner.runChild(SpringJUnit4ClassRunner.java:240)
	at org.junit.runners.BlockJUnit4ClassRunner.runChild(BlockJUnit4ClassRunner.java:49)
	at org.junit.runners.ParentRunner$3.run(ParentRunner.java:193)
	at org.junit.runners.ParentRunner$1.schedule(ParentRunner.java:52)
	at org.junit.runners.ParentRunner.runChildren(ParentRunner.java:191)
	at org.junit.runners.ParentRunner.access$000(ParentRunner.java:42)
	at org.junit.runners.ParentRunner$2.evaluate(ParentRunner.java:184)
	at org.springframework.test.context.junit4.statements.RunBeforeTestClassCallbacks.evaluate(RunBeforeTestClassCallbacks.java:61)
	at org.springframework.test.context.junit4.statements.RunAfterTestClassCallbacks.evaluate(RunAfterTestClassCallbacks.java:70)
	at org.junit.runners.ParentRunner.run(ParentRunner.java:236)
	at org.springframework.test.context.junit4.SpringJUnit4ClassRunner.run(SpringJUnit4ClassRunner.java:180)
	at org.apache.maven.surefire.junit4.JUnit4TestSet.execute(JUnit4TestSet.java:53)
	at org.apache.maven.surefire.junit4.JUnit4Provider.executeTestSet(JUnit4Provider.java:119)
	at org.apache.maven.surefire.junit4.JUnit4Provider.invoke(JUnit4Provider.java:101)
	at sun.reflect.NativeMethodAccessorImpl.invoke0(Native Method)
	at sun.reflect.NativeMethodAccessorImpl.invoke(NativeMethodAccessorImpl.java:39)
	at sun.reflect.DelegatingMethodAccessorImpl.invoke(DelegatingMethodAccessorImpl.java:25)
	at java.lang.reflect.Method.invoke(Method.java:597)
	at org.apache.maven.surefire.booter.ProviderFactory$ClassLoaderProxy.invoke(ProviderFactory.java:103)
	at $Proxy0.invoke(Unknown Source)
	at org.apache.maven.surefire.booter.SurefireStarter.invokeProvider(SurefireStarter.java:150)
	at org.apache.maven.surefire.booter.SurefireStarter.runSuitesInProcess(SurefireStarter.java:91)
	at org.apache.maven.surefire.booter.ForkedBooter.main(ForkedBooter.java:69)
Caused by: javax.validation.ConstraintViolationException: Validation failed for classes [jp.co.hzmyh0.roo.searchbookroo.domain.Review] during persist time for groups [javax.validation.groups.Default, ]
List of constraint violations:[
	ConstraintViolationImpl{interpolatedMessage=&apos;must be less than or equal to 5&apos;, propertyPath=score, rootBeanClass=class jp.co.hzmyh0.roo.searchbookroo.domain.Review, messageTemplate=&apos;{javax.validation.constraints.DecimalMax.message}&apos;}
]
	at org.hibernate.cfg.beanvalidation.BeanValidationEventListener.validate(BeanValidationEventListener.java:161)
	at org.hibernate.cfg.beanvalidation.BeanValidationEventListener.onPreInsert(BeanValidationEventListener.java:94)
	at org.hibernate.action.EntityIdentityInsertAction.preInsert(EntityIdentityInsertAction.java:160)
	at org.hibernate.action.EntityIdentityInsertAction.execute(EntityIdentityInsertAction.java:65)
	at org.hibernate.engine.ActionQueue.execute(ActionQueue.java:273)
	at org.hibernate.event.def.AbstractSaveEventListener.performSaveOrReplicate(AbstractSaveEventListener.java:320)
	at org.hibernate.event.def.AbstractSaveEventListener.performSave(AbstractSaveEventListener.java:203)
	at org.hibernate.event.def.AbstractSaveEventListener.saveWithGeneratedId(AbstractSaveEventListener.java:129)
	at org.hibernate.ejb.event.EJB3PersistEventListener.saveWithGeneratedId(EJB3PersistEventListener.java:69)
	at org.hibernate.event.def.DefaultPersistEventListener.entityIsTransient(DefaultPersistEventListener.java:179)
	at org.hibernate.event.def.DefaultPersistEventListener.onPersist(DefaultPersistEventListener.java:135)
	at org.hibernate.event.def.DefaultPersistEventListener.onPersist(DefaultPersistEventListener.java:61)
	at org.hibernate.impl.SessionImpl.firePersist(SessionImpl.java:808)
	at org.hibernate.impl.SessionImpl.persist(SessionImpl.java:782)
	at org.hibernate.impl.SessionImpl.persist(SessionImpl.java:786)
	at org.hibernate.ejb.AbstractEntityManagerImpl.persist(AbstractEntityManagerImpl.java:672)
	at sun.reflect.GeneratedMethodAccessor17.invoke(Unknown Source)
	at sun.reflect.DelegatingMethodAccessorImpl.invoke(DelegatingMethodAccessorImpl.java:25)
	at java.lang.reflect.Method.invoke(Method.java:597)
	at org.springframework.orm.jpa.SharedEntityManagerCreator$SharedEntityManagerInvocationHandler.invoke(SharedEntityManagerCreator.java:240)
	at $Proxy35.persist(Unknown Source)
	at jp.co.hzmyh0.roo.searchbookroo.domain.Review_Roo_Entity.ajc$interMethod$jp_co_hzmyh0_roo_searchbookroo_domain_Review_Roo_Entity$jp_co_hzmyh0_roo_searchbookroo_domain_Review$persist(Review_Roo_Entity.aj:55)
	at jp.co.hzmyh0.roo.searchbookroo.domain.Review.persist(Review.java:1)
	at jp.co.hzmyh0.roo.searchbookroo.domain.Review_Roo_Entity.ajc$interMethodDispatch1$jp_co_hzmyh0_roo_searchbookroo_domain_Review_Roo_Entity$jp_co_hzmyh0_roo_searchbookroo_domain_Review$persist(Review_Roo_Entity.aj)
	at jp.co.hzmyh0.roo.searchbookroo.domain.ReviewDataOnDemand_Roo_DataOnDemand.ajc$interMethod$jp_co_hzmyh0_roo_searchbookroo_domain_ReviewDataOnDemand_Roo_DataOnDemand$jp_co_hzmyh0_roo_searchbookroo_domain_ReviewDataOnDemand$init(ReviewDataOnDemand_Roo_DataOnDemand.aj:77)
	... 41 more
</error>
  </testcase>
  <testcase time="0.008" classname="jp.co.hzmyh0.roo.searchbookroo.domain.ReviewIntegrationTest" name="testCountReviews">
    <error message="[ConstraintDescriptorImpl{annotation=javax.validation.constraints.DecimalMax, payloads=[], hasComposingConstraints=true, isReportAsSingleInvalidConstraint=false, elementType=FIELD, definedOn=DEFINED_LOCALLY, groups=[interface javax.validation.groups.Default], attributes={value=5, message={javax.validation.constraints.DecimalMax.message}, payload=[Ljava.lang.Class;@5b2eda6f, groups=[Ljava.lang.Class;@6106dc2d}}:must be less than or equal to 5=6]" type="java.lang.RuntimeException">java.lang.RuntimeException: [ConstraintDescriptorImpl{annotation=javax.validation.constraints.DecimalMax, payloads=[], hasComposingConstraints=true, isReportAsSingleInvalidConstraint=false, elementType=FIELD, definedOn=DEFINED_LOCALLY, groups=[interface javax.validation.groups.Default], attributes={value=5, message={javax.validation.constraints.DecimalMax.message}, payload=[Ljava.lang.Class;@5b2eda6f, groups=[Ljava.lang.Class;@6106dc2d}}:must be less than or equal to 5=6]
	at jp.co.hzmyh0.roo.searchbookroo.domain.ReviewDataOnDemand_Roo_DataOnDemand.ajc$interMethod$jp_co_hzmyh0_roo_searchbookroo_domain_ReviewDataOnDemand_Roo_DataOnDemand$jp_co_hzmyh0_roo_searchbookroo_domain_ReviewDataOnDemand$init(ReviewDataOnDemand_Roo_DataOnDemand.aj:84)
	at jp.co.hzmyh0.roo.searchbookroo.domain.ReviewDataOnDemand.init(ReviewDataOnDemand.java:1)
	at jp.co.hzmyh0.roo.searchbookroo.domain.ReviewDataOnDemand_Roo_DataOnDemand.ajc$interMethodDispatch1$jp_co_hzmyh0_roo_searchbookroo_domain_ReviewDataOnDemand_Roo_DataOnDemand$jp_co_hzmyh0_roo_searchbookroo_domain_ReviewDataOnDemand$init(ReviewDataOnDemand_Roo_DataOnDemand.aj)
	at jp.co.hzmyh0.roo.searchbookroo.domain.ReviewDataOnDemand_Roo_DataOnDemand.ajc$interMethod$jp_co_hzmyh0_roo_searchbookroo_domain_ReviewDataOnDemand_Roo_DataOnDemand$jp_co_hzmyh0_roo_searchbookroo_domain_ReviewDataOnDemand$getRandomReview(ReviewDataOnDemand_Roo_DataOnDemand.aj:57)
	at jp.co.hzmyh0.roo.searchbookroo.domain.ReviewDataOnDemand.getRandomReview(ReviewDataOnDemand.java:1)
	at jp.co.hzmyh0.roo.searchbookroo.domain.ReviewDataOnDemand_Roo_DataOnDemand.ajc$interMethodDispatch1$jp_co_hzmyh0_roo_searchbookroo_domain_ReviewDataOnDemand_Roo_DataOnDemand$jp_co_hzmyh0_roo_searchbookroo_domain_ReviewDataOnDemand$getRandomReview(ReviewDataOnDemand_Roo_DataOnDemand.aj)
	at jp.co.hzmyh0.roo.searchbookroo.domain.ReviewIntegrationTest_Roo_IntegrationTest.ajc$interMethod$jp_co_hzmyh0_roo_searchbookroo_domain_ReviewIntegrationTest_Roo_IntegrationTest$jp_co_hzmyh0_roo_searchbookroo_domain_ReviewIntegrationTest$testCountReviews(ReviewIntegrationTest_Roo_IntegrationTest.aj:27)
	at jp.co.hzmyh0.roo.searchbookroo.domain.ReviewIntegrationTest.testCountReviews(ReviewIntegrationTest.java:1)
	at sun.reflect.NativeMethodAccessorImpl.invoke0(Native Method)
	at sun.reflect.NativeMethodAccessorImpl.invoke(NativeMethodAccessorImpl.java:39)
	at sun.reflect.DelegatingMethodAccessorImpl.invoke(DelegatingMethodAccessorImpl.java:25)
	at java.lang.reflect.Method.invoke(Method.java:597)
	at org.junit.runners.model.FrameworkMethod$1.runReflectiveCall(FrameworkMethod.java:44)
	at org.junit.internal.runners.model.ReflectiveCallable.run(ReflectiveCallable.java:15)
	at org.junit.runners.model.FrameworkMethod.invokeExplosively(FrameworkMethod.java:41)
	at org.junit.internal.runners.statements.InvokeMethod.evaluate(InvokeMethod.java:20)
	at org.springframework.test.context.junit4.statements.RunBeforeTestMethodCallbacks.evaluate(RunBeforeTestMethodCallbacks.java:74)
	at org.springframework.test.context.junit4.statements.RunAfterTestMethodCallbacks.evaluate(RunAfterTestMethodCallbacks.java:82)
	at org.springframework.test.context.junit4.statements.SpringRepeat.evaluate(SpringRepeat.java:72)
	at org.springframework.test.context.junit4.SpringJUnit4ClassRunner.runChild(SpringJUnit4ClassRunner.java:240)
	at org.junit.runners.BlockJUnit4ClassRunner.runChild(BlockJUnit4ClassRunner.java:49)
	at org.junit.runners.ParentRunner$3.run(ParentRunner.java:193)
	at org.junit.runners.ParentRunner$1.schedule(ParentRunner.java:52)
	at org.junit.runners.ParentRunner.runChildren(ParentRunner.java:191)
	at org.junit.runners.ParentRunner.access$000(ParentRunner.java:42)
	at org.junit.runners.ParentRunner$2.evaluate(ParentRunner.java:184)
	at org.springframework.test.context.junit4.statements.RunBeforeTestClassCallbacks.evaluate(RunBeforeTestClassCallbacks.java:61)
	at org.springframework.test.context.junit4.statements.RunAfterTestClassCallbacks.evaluate(RunAfterTestClassCallbacks.java:70)
	at org.junit.runners.ParentRunner.run(ParentRunner.java:236)
	at org.springframework.test.context.junit4.SpringJUnit4ClassRunner.run(SpringJUnit4ClassRunner.java:180)
	at org.apache.maven.surefire.junit4.JUnit4TestSet.execute(JUnit4TestSet.java:53)
	at org.apache.maven.surefire.junit4.JUnit4Provider.executeTestSet(JUnit4Provider.java:119)
	at org.apache.maven.surefire.junit4.JUnit4Provider.invoke(JUnit4Provider.java:101)
	at sun.reflect.NativeMethodAccessorImpl.invoke0(Native Method)
	at sun.reflect.NativeMethodAccessorImpl.invoke(NativeMethodAccessorImpl.java:39)
	at sun.reflect.DelegatingMethodAccessorImpl.invoke(DelegatingMethodAccessorImpl.java:25)
	at java.lang.reflect.Method.invoke(Method.java:597)
	at org.apache.maven.surefire.booter.ProviderFactory$ClassLoaderProxy.invoke(ProviderFactory.java:103)
	at $Proxy0.invoke(Unknown Source)
	at org.apache.maven.surefire.booter.SurefireStarter.invokeProvider(SurefireStarter.java:150)
	at org.apache.maven.surefire.booter.SurefireStarter.runSuitesInProcess(SurefireStarter.java:91)
	at org.apache.maven.surefire.booter.ForkedBooter.main(ForkedBooter.java:69)
Caused by: javax.validation.ConstraintViolationException: Validation failed for classes [jp.co.hzmyh0.roo.searchbookroo.domain.Review] during persist time for groups [javax.validation.groups.Default, ]
List of constraint violations:[
	ConstraintViolationImpl{interpolatedMessage=&apos;must be less than or equal to 5&apos;, propertyPath=score, rootBeanClass=class jp.co.hzmyh0.roo.searchbookroo.domain.Review, messageTemplate=&apos;{javax.validation.constraints.DecimalMax.message}&apos;}
]
	at org.hibernate.cfg.beanvalidation.BeanValidationEventListener.validate(BeanValidationEventListener.java:161)
	at org.hibernate.cfg.beanvalidation.BeanValidationEventListener.onPreInsert(BeanValidationEventListener.java:94)
	at org.hibernate.action.EntityIdentityInsertAction.preInsert(EntityIdentityInsertAction.java:160)
	at org.hibernate.action.EntityIdentityInsertAction.execute(EntityIdentityInsertAction.java:65)
	at org.hibernate.engine.ActionQueue.execute(ActionQueue.java:273)
	at org.hibernate.event.def.AbstractSaveEventListener.performSaveOrReplicate(AbstractSaveEventListener.java:320)
	at org.hibernate.event.def.AbstractSaveEventListener.performSave(AbstractSaveEventListener.java:203)
	at org.hibernate.event.def.AbstractSaveEventListener.saveWithGeneratedId(AbstractSaveEventListener.java:129)
	at org.hibernate.ejb.event.EJB3PersistEventListener.saveWithGeneratedId(EJB3PersistEventListener.java:69)
	at org.hibernate.event.def.DefaultPersistEventListener.entityIsTransient(DefaultPersistEventListener.java:179)
	at org.hibernate.event.def.DefaultPersistEventListener.onPersist(DefaultPersistEventListener.java:135)
	at org.hibernate.event.def.DefaultPersistEventListener.onPersist(DefaultPersistEventListener.java:61)
	at org.hibernate.impl.SessionImpl.firePersist(SessionImpl.java:808)
	at org.hibernate.impl.SessionImpl.persist(SessionImpl.java:782)
	at org.hibernate.impl.SessionImpl.persist(SessionImpl.java:786)
	at org.hibernate.ejb.AbstractEntityManagerImpl.persist(AbstractEntityManagerImpl.java:672)
	at sun.reflect.GeneratedMethodAccessor17.invoke(Unknown Source)
	at sun.reflect.DelegatingMethodAccessorImpl.invoke(DelegatingMethodAccessorImpl.java:25)
	at java.lang.reflect.Method.invoke(Method.java:597)
	at org.springframework.orm.jpa.SharedEntityManagerCreator$SharedEntityManagerInvocationHandler.invoke(SharedEntityManagerCreator.java:240)
	at $Proxy35.persist(Unknown Source)
	at jp.co.hzmyh0.roo.searchbookroo.domain.Review_Roo_Entity.ajc$interMethod$jp_co_hzmyh0_roo_searchbookroo_domain_Review_Roo_Entity$jp_co_hzmyh0_roo_searchbookroo_domain_Review$persist(Review_Roo_Entity.aj:55)
	at jp.co.hzmyh0.roo.searchbookroo.domain.Review.persist(Review.java:1)
	at jp.co.hzmyh0.roo.searchbookroo.domain.Review_Roo_Entity.ajc$interMethodDispatch1$jp_co_hzmyh0_roo_searchbookroo_domain_Review_Roo_Entity$jp_co_hzmyh0_roo_searchbookroo_domain_Review$persist(Review_Roo_Entity.aj)
	at jp.co.hzmyh0.roo.searchbookroo.domain.ReviewDataOnDemand_Roo_DataOnDemand.ajc$interMethod$jp_co_hzmyh0_roo_searchbookroo_domain_ReviewDataOnDemand_Roo_DataOnDemand$jp_co_hzmyh0_roo_searchbookroo_domain_ReviewDataOnDemand$init(ReviewDataOnDemand_Roo_DataOnDemand.aj:77)
	... 41 more
</error>
  </testcase>
  <testcase time="0.008" classname="jp.co.hzmyh0.roo.searchbookroo.domain.ReviewIntegrationTest" name="testFindReview">
    <error message="[ConstraintDescriptorImpl{annotation=javax.validation.constraints.DecimalMax, payloads=[], hasComposingConstraints=true, isReportAsSingleInvalidConstraint=false, elementType=FIELD, definedOn=DEFINED_LOCALLY, groups=[interface javax.validation.groups.Default], attributes={value=5, message={javax.validation.constraints.DecimalMax.message}, payload=[Ljava.lang.Class;@5b2eda6f, groups=[Ljava.lang.Class;@6106dc2d}}:must be less than or equal to 5=6]" type="java.lang.RuntimeException">java.lang.RuntimeException: [ConstraintDescriptorImpl{annotation=javax.validation.constraints.DecimalMax, payloads=[], hasComposingConstraints=true, isReportAsSingleInvalidConstraint=false, elementType=FIELD, definedOn=DEFINED_LOCALLY, groups=[interface javax.validation.groups.Default], attributes={value=5, message={javax.validation.constraints.DecimalMax.message}, payload=[Ljava.lang.Class;@5b2eda6f, groups=[Ljava.lang.Class;@6106dc2d}}:must be less than or equal to 5=6]
	at jp.co.hzmyh0.roo.searchbookroo.domain.ReviewDataOnDemand_Roo_DataOnDemand.ajc$interMethod$jp_co_hzmyh0_roo_searchbookroo_domain_ReviewDataOnDemand_Roo_DataOnDemand$jp_co_hzmyh0_roo_searchbookroo_domain_ReviewDataOnDemand$init(ReviewDataOnDemand_Roo_DataOnDemand.aj:84)
	at jp.co.hzmyh0.roo.searchbookroo.domain.ReviewDataOnDemand.init(ReviewDataOnDemand.java:1)
	at jp.co.hzmyh0.roo.searchbookroo.domain.ReviewDataOnDemand_Roo_DataOnDemand.ajc$interMethodDispatch1$jp_co_hzmyh0_roo_searchbookroo_domain_ReviewDataOnDemand_Roo_DataOnDemand$jp_co_hzmyh0_roo_searchbookroo_domain_ReviewDataOnDemand$init(ReviewDataOnDemand_Roo_DataOnDemand.aj)
	at jp.co.hzmyh0.roo.searchbookroo.domain.ReviewDataOnDemand_Roo_DataOnDemand.ajc$interMethod$jp_co_hzmyh0_roo_searchbookroo_domain_ReviewDataOnDemand_Roo_DataOnDemand$jp_co_hzmyh0_roo_searchbookroo_domain_ReviewDataOnDemand$getRandomReview(ReviewDataOnDemand_Roo_DataOnDemand.aj:57)
	at jp.co.hzmyh0.roo.searchbookroo.domain.ReviewDataOnDemand.getRandomReview(ReviewDataOnDemand.java:1)
	at jp.co.hzmyh0.roo.searchbookroo.domain.ReviewDataOnDemand_Roo_DataOnDemand.ajc$interMethodDispatch1$jp_co_hzmyh0_roo_searchbookroo_domain_ReviewDataOnDemand_Roo_DataOnDemand$jp_co_hzmyh0_roo_searchbookroo_domain_ReviewDataOnDemand$getRandomReview(ReviewDataOnDemand_Roo_DataOnDemand.aj)
	at jp.co.hzmyh0.roo.searchbookroo.domain.ReviewIntegrationTest_Roo_IntegrationTest.ajc$interMethod$jp_co_hzmyh0_roo_searchbookroo_domain_ReviewIntegrationTest_Roo_IntegrationTest$jp_co_hzmyh0_roo_searchbookroo_domain_ReviewIntegrationTest$testFindReview(ReviewIntegrationTest_Roo_IntegrationTest.aj:34)
	at jp.co.hzmyh0.roo.searchbookroo.domain.ReviewIntegrationTest.testFindReview(ReviewIntegrationTest.java:1)
	at sun.reflect.NativeMethodAccessorImpl.invoke0(Native Method)
	at sun.reflect.NativeMethodAccessorImpl.invoke(NativeMethodAccessorImpl.java:39)
	at sun.reflect.DelegatingMethodAccessorImpl.invoke(DelegatingMethodAccessorImpl.java:25)
	at java.lang.reflect.Method.invoke(Method.java:597)
	at org.junit.runners.model.FrameworkMethod$1.runReflectiveCall(FrameworkMethod.java:44)
	at org.junit.internal.runners.model.ReflectiveCallable.run(ReflectiveCallable.java:15)
	at org.junit.runners.model.FrameworkMethod.invokeExplosively(FrameworkMethod.java:41)
	at org.junit.internal.runners.statements.InvokeMethod.evaluate(InvokeMethod.java:20)
	at org.springframework.test.context.junit4.statements.RunBeforeTestMethodCallbacks.evaluate(RunBeforeTestMethodCallbacks.java:74)
	at org.springframework.test.context.junit4.statements.RunAfterTestMethodCallbacks.evaluate(RunAfterTestMethodCallbacks.java:82)
	at org.springframework.test.context.junit4.statements.SpringRepeat.evaluate(SpringRepeat.java:72)
	at org.springframework.test.context.junit4.SpringJUnit4ClassRunner.runChild(SpringJUnit4ClassRunner.java:240)
	at org.junit.runners.BlockJUnit4ClassRunner.runChild(BlockJUnit4ClassRunner.java:49)
	at org.junit.runners.ParentRunner$3.run(ParentRunner.java:193)
	at org.junit.runners.ParentRunner$1.schedule(ParentRunner.java:52)
	at org.junit.runners.ParentRunner.runChildren(ParentRunner.java:191)
	at org.junit.runners.ParentRunner.access$000(ParentRunner.java:42)
	at org.junit.runners.ParentRunner$2.evaluate(ParentRunner.java:184)
	at org.springframework.test.context.junit4.statements.RunBeforeTestClassCallbacks.evaluate(RunBeforeTestClassCallbacks.java:61)
	at org.springframework.test.context.junit4.statements.RunAfterTestClassCallbacks.evaluate(RunAfterTestClassCallbacks.java:70)
	at org.junit.runners.ParentRunner.run(ParentRunner.java:236)
	at org.springframework.test.context.junit4.SpringJUnit4ClassRunner.run(SpringJUnit4ClassRunner.java:180)
	at org.apache.maven.surefire.junit4.JUnit4TestSet.execute(JUnit4TestSet.java:53)
	at org.apache.maven.surefire.junit4.JUnit4Provider.executeTestSet(JUnit4Provider.java:119)
	at org.apache.maven.surefire.junit4.JUnit4Provider.invoke(JUnit4Provider.java:101)
	at sun.reflect.NativeMethodAccessorImpl.invoke0(Native Method)
	at sun.reflect.NativeMethodAccessorImpl.invoke(NativeMethodAccessorImpl.java:39)
	at sun.reflect.DelegatingMethodAccessorImpl.invoke(DelegatingMethodAccessorImpl.java:25)
	at java.lang.reflect.Method.invoke(Method.java:597)
	at org.apache.maven.surefire.booter.ProviderFactory$ClassLoaderProxy.invoke(ProviderFactory.java:103)
	at $Proxy0.invoke(Unknown Source)
	at org.apache.maven.surefire.booter.SurefireStarter.invokeProvider(SurefireStarter.java:150)
	at org.apache.maven.surefire.booter.SurefireStarter.runSuitesInProcess(SurefireStarter.java:91)
	at org.apache.maven.surefire.booter.ForkedBooter.main(ForkedBooter.java:69)
Caused by: javax.validation.ConstraintViolationException: Validation failed for classes [jp.co.hzmyh0.roo.searchbookroo.domain.Review] during persist time for groups [javax.validation.groups.Default, ]
List of constraint violations:[
	ConstraintViolationImpl{interpolatedMessage=&apos;must be less than or equal to 5&apos;, propertyPath=score, rootBeanClass=class jp.co.hzmyh0.roo.searchbookroo.domain.Review, messageTemplate=&apos;{javax.validation.constraints.DecimalMax.message}&apos;}
]
	at org.hibernate.cfg.beanvalidation.BeanValidationEventListener.validate(BeanValidationEventListener.java:161)
	at org.hibernate.cfg.beanvalidation.BeanValidationEventListener.onPreInsert(BeanValidationEventListener.java:94)
	at org.hibernate.action.EntityIdentityInsertAction.preInsert(EntityIdentityInsertAction.java:160)
	at org.hibernate.action.EntityIdentityInsertAction.execute(EntityIdentityInsertAction.java:65)
	at org.hibernate.engine.ActionQueue.execute(ActionQueue.java:273)
	at org.hibernate.event.def.AbstractSaveEventListener.performSaveOrReplicate(AbstractSaveEventListener.java:320)
	at org.hibernate.event.def.AbstractSaveEventListener.performSave(AbstractSaveEventListener.java:203)
	at org.hibernate.event.def.AbstractSaveEventListener.saveWithGeneratedId(AbstractSaveEventListener.java:129)
	at org.hibernate.ejb.event.EJB3PersistEventListener.saveWithGeneratedId(EJB3PersistEventListener.java:69)
	at org.hibernate.event.def.DefaultPersistEventListener.entityIsTransient(DefaultPersistEventListener.java:179)
	at org.hibernate.event.def.DefaultPersistEventListener.onPersist(DefaultPersistEventListener.java:135)
	at org.hibernate.event.def.DefaultPersistEventListener.onPersist(DefaultPersistEventListener.java:61)
	at org.hibernate.impl.SessionImpl.firePersist(SessionImpl.java:808)
	at org.hibernate.impl.SessionImpl.persist(SessionImpl.java:782)
	at org.hibernate.impl.SessionImpl.persist(SessionImpl.java:786)
	at org.hibernate.ejb.AbstractEntityManagerImpl.persist(AbstractEntityManagerImpl.java:672)
	at sun.reflect.GeneratedMethodAccessor17.invoke(Unknown Source)
	at sun.reflect.DelegatingMethodAccessorImpl.invoke(DelegatingMethodAccessorImpl.java:25)
	at java.lang.reflect.Method.invoke(Method.java:597)
	at org.springframework.orm.jpa.SharedEntityManagerCreator$SharedEntityManagerInvocationHandler.invoke(SharedEntityManagerCreator.java:240)
	at $Proxy35.persist(Unknown Source)
	at jp.co.hzmyh0.roo.searchbookroo.domain.Review_Roo_Entity.ajc$interMethod$jp_co_hzmyh0_roo_searchbookroo_domain_Review_Roo_Entity$jp_co_hzmyh0_roo_searchbookroo_domain_Review$persist(Review_Roo_Entity.aj:55)
	at jp.co.hzmyh0.roo.searchbookroo.domain.Review.persist(Review.java:1)
	at jp.co.hzmyh0.roo.searchbookroo.domain.Review_Roo_Entity.ajc$interMethodDispatch1$jp_co_hzmyh0_roo_searchbookroo_domain_Review_Roo_Entity$jp_co_hzmyh0_roo_searchbookroo_domain_Review$persist(Review_Roo_Entity.aj)
	at jp.co.hzmyh0.roo.searchbookroo.domain.ReviewDataOnDemand_Roo_DataOnDemand.ajc$interMethod$jp_co_hzmyh0_roo_searchbookroo_domain_ReviewDataOnDemand_Roo_DataOnDemand$jp_co_hzmyh0_roo_searchbookroo_domain_ReviewDataOnDemand$init(ReviewDataOnDemand_Roo_DataOnDemand.aj:77)
	... 41 more
</error>
  </testcase>
  <testcase time="0.007" classname="jp.co.hzmyh0.roo.searchbookroo.domain.ReviewIntegrationTest" name="testFindAllReviews">
    <error message="[ConstraintDescriptorImpl{annotation=javax.validation.constraints.DecimalMax, payloads=[], hasComposingConstraints=true, isReportAsSingleInvalidConstraint=false, elementType=FIELD, definedOn=DEFINED_LOCALLY, groups=[interface javax.validation.groups.Default], attributes={value=5, message={javax.validation.constraints.DecimalMax.message}, payload=[Ljava.lang.Class;@5b2eda6f, groups=[Ljava.lang.Class;@6106dc2d}}:must be less than or equal to 5=6]" type="java.lang.RuntimeException">java.lang.RuntimeException: [ConstraintDescriptorImpl{annotation=javax.validation.constraints.DecimalMax, payloads=[], hasComposingConstraints=true, isReportAsSingleInvalidConstraint=false, elementType=FIELD, definedOn=DEFINED_LOCALLY, groups=[interface javax.validation.groups.Default], attributes={value=5, message={javax.validation.constraints.DecimalMax.message}, payload=[Ljava.lang.Class;@5b2eda6f, groups=[Ljava.lang.Class;@6106dc2d}}:must be less than or equal to 5=6]
	at jp.co.hzmyh0.roo.searchbookroo.domain.ReviewDataOnDemand_Roo_DataOnDemand.ajc$interMethod$jp_co_hzmyh0_roo_searchbookroo_domain_ReviewDataOnDemand_Roo_DataOnDemand$jp_co_hzmyh0_roo_searchbookroo_domain_ReviewDataOnDemand$init(ReviewDataOnDemand_Roo_DataOnDemand.aj:84)
	at jp.co.hzmyh0.roo.searchbookroo.domain.ReviewDataOnDemand.init(ReviewDataOnDemand.java:1)
	at jp.co.hzmyh0.roo.searchbookroo.domain.ReviewDataOnDemand_Roo_DataOnDemand.ajc$interMethodDispatch1$jp_co_hzmyh0_roo_searchbookroo_domain_ReviewDataOnDemand_Roo_DataOnDemand$jp_co_hzmyh0_roo_searchbookroo_domain_ReviewDataOnDemand$init(ReviewDataOnDemand_Roo_DataOnDemand.aj)
	at jp.co.hzmyh0.roo.searchbookroo.domain.ReviewDataOnDemand_Roo_DataOnDemand.ajc$interMethod$jp_co_hzmyh0_roo_searchbookroo_domain_ReviewDataOnDemand_Roo_DataOnDemand$jp_co_hzmyh0_roo_searchbookroo_domain_ReviewDataOnDemand$getRandomReview(ReviewDataOnDemand_Roo_DataOnDemand.aj:57)
	at jp.co.hzmyh0.roo.searchbookroo.domain.ReviewDataOnDemand.getRandomReview(ReviewDataOnDemand.java:1)
	at jp.co.hzmyh0.roo.searchbookroo.domain.ReviewDataOnDemand_Roo_DataOnDemand.ajc$interMethodDispatch1$jp_co_hzmyh0_roo_searchbookroo_domain_ReviewDataOnDemand_Roo_DataOnDemand$jp_co_hzmyh0_roo_searchbookroo_domain_ReviewDataOnDemand$getRandomReview(ReviewDataOnDemand_Roo_DataOnDemand.aj)
	at jp.co.hzmyh0.roo.searchbookroo.domain.ReviewIntegrationTest_Roo_IntegrationTest.ajc$interMethod$jp_co_hzmyh0_roo_searchbookroo_domain_ReviewIntegrationTest_Roo_IntegrationTest$jp_co_hzmyh0_roo_searchbookroo_domain_ReviewIntegrationTest$testFindAllReviews(ReviewIntegrationTest_Roo_IntegrationTest.aj:45)
	at jp.co.hzmyh0.roo.searchbookroo.domain.ReviewIntegrationTest.testFindAllReviews(ReviewIntegrationTest.java:1)
	at sun.reflect.NativeMethodAccessorImpl.invoke0(Native Method)
	at sun.reflect.NativeMethodAccessorImpl.invoke(NativeMethodAccessorImpl.java:39)
	at sun.reflect.DelegatingMethodAccessorImpl.invoke(DelegatingMethodAccessorImpl.java:25)
	at java.lang.reflect.Method.invoke(Method.java:597)
	at org.junit.runners.model.FrameworkMethod$1.runReflectiveCall(FrameworkMethod.java:44)
	at org.junit.internal.runners.model.ReflectiveCallable.run(ReflectiveCallable.java:15)
	at org.junit.runners.model.FrameworkMethod.invokeExplosively(FrameworkMethod.java:41)
	at org.junit.internal.runners.statements.InvokeMethod.evaluate(InvokeMethod.java:20)
	at org.springframework.test.context.junit4.statements.RunBeforeTestMethodCallbacks.evaluate(RunBeforeTestMethodCallbacks.java:74)
	at org.springframework.test.context.junit4.statements.RunAfterTestMethodCallbacks.evaluate(RunAfterTestMethodCallbacks.java:82)
	at org.springframework.test.context.junit4.statements.SpringRepeat.evaluate(SpringRepeat.java:72)
	at org.springframework.test.context.junit4.SpringJUnit4ClassRunner.runChild(SpringJUnit4ClassRunner.java:240)
	at org.junit.runners.BlockJUnit4ClassRunner.runChild(BlockJUnit4ClassRunner.java:49)
	at org.junit.runners.ParentRunner$3.run(ParentRunner.java:193)
	at org.junit.runners.ParentRunner$1.schedule(ParentRunner.java:52)
	at org.junit.runners.ParentRunner.runChildren(ParentRunner.java:191)
	at org.junit.runners.ParentRunner.access$000(ParentRunner.java:42)
	at org.junit.runners.ParentRunner$2.evaluate(ParentRunner.java:184)
	at org.springframework.test.context.junit4.statements.RunBeforeTestClassCallbacks.evaluate(RunBeforeTestClassCallbacks.java:61)
	at org.springframework.test.context.junit4.statements.RunAfterTestClassCallbacks.evaluate(RunAfterTestClassCallbacks.java:70)
	at org.junit.runners.ParentRunner.run(ParentRunner.java:236)
	at org.springframework.test.context.junit4.SpringJUnit4ClassRunner.run(SpringJUnit4ClassRunner.java:180)
	at org.apache.maven.surefire.junit4.JUnit4TestSet.execute(JUnit4TestSet.java:53)
	at org.apache.maven.surefire.junit4.JUnit4Provider.executeTestSet(JUnit4Provider.java:119)
	at org.apache.maven.surefire.junit4.JUnit4Provider.invoke(JUnit4Provider.java:101)
	at sun.reflect.NativeMethodAccessorImpl.invoke0(Native Method)
	at sun.reflect.NativeMethodAccessorImpl.invoke(NativeMethodAccessorImpl.java:39)
	at sun.reflect.DelegatingMethodAccessorImpl.invoke(DelegatingMethodAccessorImpl.java:25)
	at java.lang.reflect.Method.invoke(Method.java:597)
	at org.apache.maven.surefire.booter.ProviderFactory$ClassLoaderProxy.invoke(ProviderFactory.java:103)
	at $Proxy0.invoke(Unknown Source)
	at org.apache.maven.surefire.booter.SurefireStarter.invokeProvider(SurefireStarter.java:150)
	at org.apache.maven.surefire.booter.SurefireStarter.runSuitesInProcess(SurefireStarter.java:91)
	at org.apache.maven.surefire.booter.ForkedBooter.main(ForkedBooter.java:69)
Caused by: javax.validation.ConstraintViolationException: Validation failed for classes [jp.co.hzmyh0.roo.searchbookroo.domain.Review] during persist time for groups [javax.validation.groups.Default, ]
List of constraint violations:[
	ConstraintViolationImpl{interpolatedMessage=&apos;must be less than or equal to 5&apos;, propertyPath=score, rootBeanClass=class jp.co.hzmyh0.roo.searchbookroo.domain.Review, messageTemplate=&apos;{javax.validation.constraints.DecimalMax.message}&apos;}
]
	at org.hibernate.cfg.beanvalidation.BeanValidationEventListener.validate(BeanValidationEventListener.java:161)
	at org.hibernate.cfg.beanvalidation.BeanValidationEventListener.onPreInsert(BeanValidationEventListener.java:94)
	at org.hibernate.action.EntityIdentityInsertAction.preInsert(EntityIdentityInsertAction.java:160)
	at org.hibernate.action.EntityIdentityInsertAction.execute(EntityIdentityInsertAction.java:65)
	at org.hibernate.engine.ActionQueue.execute(ActionQueue.java:273)
	at org.hibernate.event.def.AbstractSaveEventListener.performSaveOrReplicate(AbstractSaveEventListener.java:320)
	at org.hibernate.event.def.AbstractSaveEventListener.performSave(AbstractSaveEventListener.java:203)
	at org.hibernate.event.def.AbstractSaveEventListener.saveWithGeneratedId(AbstractSaveEventListener.java:129)
	at org.hibernate.ejb.event.EJB3PersistEventListener.saveWithGeneratedId(EJB3PersistEventListener.java:69)
	at org.hibernate.event.def.DefaultPersistEventListener.entityIsTransient(DefaultPersistEventListener.java:179)
	at org.hibernate.event.def.DefaultPersistEventListener.onPersist(DefaultPersistEventListener.java:135)
	at org.hibernate.event.def.DefaultPersistEventListener.onPersist(DefaultPersistEventListener.java:61)
	at org.hibernate.impl.SessionImpl.firePersist(SessionImpl.java:808)
	at org.hibernate.impl.SessionImpl.persist(SessionImpl.java:782)
	at org.hibernate.impl.SessionImpl.persist(SessionImpl.java:786)
	at org.hibernate.ejb.AbstractEntityManagerImpl.persist(AbstractEntityManagerImpl.java:672)
	at sun.reflect.GeneratedMethodAccessor17.invoke(Unknown Source)
	at sun.reflect.DelegatingMethodAccessorImpl.invoke(DelegatingMethodAccessorImpl.java:25)
	at java.lang.reflect.Method.invoke(Method.java:597)
	at org.springframework.orm.jpa.SharedEntityManagerCreator$SharedEntityManagerInvocationHandler.invoke(SharedEntityManagerCreator.java:240)
	at $Proxy35.persist(Unknown Source)
	at jp.co.hzmyh0.roo.searchbookroo.domain.Review_Roo_Entity.ajc$interMethod$jp_co_hzmyh0_roo_searchbookroo_domain_Review_Roo_Entity$jp_co_hzmyh0_roo_searchbookroo_domain_Review$persist(Review_Roo_Entity.aj:55)
	at jp.co.hzmyh0.roo.searchbookroo.domain.Review.persist(Review.java:1)
	at jp.co.hzmyh0.roo.searchbookroo.domain.Review_Roo_Entity.ajc$interMethodDispatch1$jp_co_hzmyh0_roo_searchbookroo_domain_Review_Roo_Entity$jp_co_hzmyh0_roo_searchbookroo_domain_Review$persist(Review_Roo_Entity.aj)
	at jp.co.hzmyh0.roo.searchbookroo.domain.ReviewDataOnDemand_Roo_DataOnDemand.ajc$interMethod$jp_co_hzmyh0_roo_searchbookroo_domain_ReviewDataOnDemand_Roo_DataOnDemand$jp_co_hzmyh0_roo_searchbookroo_domain_ReviewDataOnDemand$init(ReviewDataOnDemand_Roo_DataOnDemand.aj:77)
	... 41 more
</error>
  </testcase>
  <testcase time="0.009" classname="jp.co.hzmyh0.roo.searchbookroo.domain.ReviewIntegrationTest" name="testFindReviewEntries">
    <error message="[ConstraintDescriptorImpl{annotation=javax.validation.constraints.DecimalMax, payloads=[], hasComposingConstraints=true, isReportAsSingleInvalidConstraint=false, elementType=FIELD, definedOn=DEFINED_LOCALLY, groups=[interface javax.validation.groups.Default], attributes={value=5, message={javax.validation.constraints.DecimalMax.message}, payload=[Ljava.lang.Class;@5b2eda6f, groups=[Ljava.lang.Class;@6106dc2d}}:must be less than or equal to 5=6]" type="java.lang.RuntimeException">java.lang.RuntimeException: [ConstraintDescriptorImpl{annotation=javax.validation.constraints.DecimalMax, payloads=[], hasComposingConstraints=true, isReportAsSingleInvalidConstraint=false, elementType=FIELD, definedOn=DEFINED_LOCALLY, groups=[interface javax.validation.groups.Default], attributes={value=5, message={javax.validation.constraints.DecimalMax.message}, payload=[Ljava.lang.Class;@5b2eda6f, groups=[Ljava.lang.Class;@6106dc2d}}:must be less than or equal to 5=6]
	at jp.co.hzmyh0.roo.searchbookroo.domain.ReviewDataOnDemand_Roo_DataOnDemand.ajc$interMethod$jp_co_hzmyh0_roo_searchbookroo_domain_ReviewDataOnDemand_Roo_DataOnDemand$jp_co_hzmyh0_roo_searchbookroo_domain_ReviewDataOnDemand$init(ReviewDataOnDemand_Roo_DataOnDemand.aj:84)
	at jp.co.hzmyh0.roo.searchbookroo.domain.ReviewDataOnDemand.init(ReviewDataOnDemand.java:1)
	at jp.co.hzmyh0.roo.searchbookroo.domain.ReviewDataOnDemand_Roo_DataOnDemand.ajc$interMethodDispatch1$jp_co_hzmyh0_roo_searchbookroo_domain_ReviewDataOnDemand_Roo_DataOnDemand$jp_co_hzmyh0_roo_searchbookroo_domain_ReviewDataOnDemand$init(ReviewDataOnDemand_Roo_DataOnDemand.aj)
	at jp.co.hzmyh0.roo.searchbookroo.domain.ReviewDataOnDemand_Roo_DataOnDemand.ajc$interMethod$jp_co_hzmyh0_roo_searchbookroo_domain_ReviewDataOnDemand_Roo_DataOnDemand$jp_co_hzmyh0_roo_searchbookroo_domain_ReviewDataOnDemand$getRandomReview(ReviewDataOnDemand_Roo_DataOnDemand.aj:57)
	at jp.co.hzmyh0.roo.searchbookroo.domain.ReviewDataOnDemand.getRandomReview(ReviewDataOnDemand.java:1)
	at jp.co.hzmyh0.roo.searchbookroo.domain.ReviewDataOnDemand_Roo_DataOnDemand.ajc$interMethodDispatch1$jp_co_hzmyh0_roo_searchbookroo_domain_ReviewDataOnDemand_Roo_DataOnDemand$jp_co_hzmyh0_roo_searchbookroo_domain_ReviewDataOnDemand$getRandomReview(ReviewDataOnDemand_Roo_DataOnDemand.aj)
	at jp.co.hzmyh0.roo.searchbookroo.domain.ReviewIntegrationTest_Roo_IntegrationTest.ajc$interMethod$jp_co_hzmyh0_roo_searchbookroo_domain_ReviewIntegrationTest_Roo_IntegrationTest$jp_co_hzmyh0_roo_searchbookroo_domain_ReviewIntegrationTest$testFindReviewEntries(ReviewIntegrationTest_Roo_IntegrationTest.aj:55)
	at jp.co.hzmyh0.roo.searchbookroo.domain.ReviewIntegrationTest.testFindReviewEntries(ReviewIntegrationTest.java:1)
	at sun.reflect.NativeMethodAccessorImpl.invoke0(Native Method)
	at sun.reflect.NativeMethodAccessorImpl.invoke(NativeMethodAccessorImpl.java:39)
	at sun.reflect.DelegatingMethodAccessorImpl.invoke(DelegatingMethodAccessorImpl.java:25)
	at java.lang.reflect.Method.invoke(Method.java:597)
	at org.junit.runners.model.FrameworkMethod$1.runReflectiveCall(FrameworkMethod.java:44)
	at org.junit.internal.runners.model.ReflectiveCallable.run(ReflectiveCallable.java:15)
	at org.junit.runners.model.FrameworkMethod.invokeExplosively(FrameworkMethod.java:41)
	at org.junit.internal.runners.statements.InvokeMethod.evaluate(InvokeMethod.java:20)
	at org.springframework.test.context.junit4.statements.RunBeforeTestMethodCallbacks.evaluate(RunBeforeTestMethodCallbacks.java:74)
	at org.springframework.test.context.junit4.statements.RunAfterTestMethodCallbacks.evaluate(RunAfterTestMethodCallbacks.java:82)
	at org.springframework.test.context.junit4.statements.SpringRepeat.evaluate(SpringRepeat.java:72)
	at org.springframework.test.context.junit4.SpringJUnit4ClassRunner.runChild(SpringJUnit4ClassRunner.java:240)
	at org.junit.runners.BlockJUnit4ClassRunner.runChild(BlockJUnit4ClassRunner.java:49)
	at org.junit.runners.ParentRunner$3.run(ParentRunner.java:193)
	at org.junit.runners.ParentRunner$1.schedule(ParentRunner.java:52)
	at org.junit.runners.ParentRunner.runChildren(ParentRunner.java:191)
	at org.junit.runners.ParentRunner.access$000(ParentRunner.java:42)
	at org.junit.runners.ParentRunner$2.evaluate(ParentRunner.java:184)
	at org.springframework.test.context.junit4.statements.RunBeforeTestClassCallbacks.evaluate(RunBeforeTestClassCallbacks.java:61)
	at org.springframework.test.context.junit4.statements.RunAfterTestClassCallbacks.evaluate(RunAfterTestClassCallbacks.java:70)
	at org.junit.runners.ParentRunner.run(ParentRunner.java:236)
	at org.springframework.test.context.junit4.SpringJUnit4ClassRunner.run(SpringJUnit4ClassRunner.java:180)
	at org.apache.maven.surefire.junit4.JUnit4TestSet.execute(JUnit4TestSet.java:53)
	at org.apache.maven.surefire.junit4.JUnit4Provider.executeTestSet(JUnit4Provider.java:119)
	at org.apache.maven.surefire.junit4.JUnit4Provider.invoke(JUnit4Provider.java:101)
	at sun.reflect.NativeMethodAccessorImpl.invoke0(Native Method)
	at sun.reflect.NativeMethodAccessorImpl.invoke(NativeMethodAccessorImpl.java:39)
	at sun.reflect.DelegatingMethodAccessorImpl.invoke(DelegatingMethodAccessorImpl.java:25)
	at java.lang.reflect.Method.invoke(Method.java:597)
	at org.apache.maven.surefire.booter.ProviderFactory$ClassLoaderProxy.invoke(ProviderFactory.java:103)
	at $Proxy0.invoke(Unknown Source)
	at org.apache.maven.surefire.booter.SurefireStarter.invokeProvider(SurefireStarter.java:150)
	at org.apache.maven.surefire.booter.SurefireStarter.runSuitesInProcess(SurefireStarter.java:91)
	at org.apache.maven.surefire.booter.ForkedBooter.main(ForkedBooter.java:69)
Caused by: javax.validation.ConstraintViolationException: Validation failed for classes [jp.co.hzmyh0.roo.searchbookroo.domain.Review] during persist time for groups [javax.validation.groups.Default, ]
List of constraint violations:[
	ConstraintViolationImpl{interpolatedMessage=&apos;must be less than or equal to 5&apos;, propertyPath=score, rootBeanClass=class jp.co.hzmyh0.roo.searchbookroo.domain.Review, messageTemplate=&apos;{javax.validation.constraints.DecimalMax.message}&apos;}
]
	at org.hibernate.cfg.beanvalidation.BeanValidationEventListener.validate(BeanValidationEventListener.java:161)
	at org.hibernate.cfg.beanvalidation.BeanValidationEventListener.onPreInsert(BeanValidationEventListener.java:94)
	at org.hibernate.action.EntityIdentityInsertAction.preInsert(EntityIdentityInsertAction.java:160)
	at org.hibernate.action.EntityIdentityInsertAction.execute(EntityIdentityInsertAction.java:65)
	at org.hibernate.engine.ActionQueue.execute(ActionQueue.java:273)
	at org.hibernate.event.def.AbstractSaveEventListener.performSaveOrReplicate(AbstractSaveEventListener.java:320)
	at org.hibernate.event.def.AbstractSaveEventListener.performSave(AbstractSaveEventListener.java:203)
	at org.hibernate.event.def.AbstractSaveEventListener.saveWithGeneratedId(AbstractSaveEventListener.java:129)
	at org.hibernate.ejb.event.EJB3PersistEventListener.saveWithGeneratedId(EJB3PersistEventListener.java:69)
	at org.hibernate.event.def.DefaultPersistEventListener.entityIsTransient(DefaultPersistEventListener.java:179)
	at org.hibernate.event.def.DefaultPersistEventListener.onPersist(DefaultPersistEventListener.java:135)
	at org.hibernate.event.def.DefaultPersistEventListener.onPersist(DefaultPersistEventListener.java:61)
	at org.hibernate.impl.SessionImpl.firePersist(SessionImpl.java:808)
	at org.hibernate.impl.SessionImpl.persist(SessionImpl.java:782)
	at org.hibernate.impl.SessionImpl.persist(SessionImpl.java:786)
	at org.hibernate.ejb.AbstractEntityManagerImpl.persist(AbstractEntityManagerImpl.java:672)
	at sun.reflect.GeneratedMethodAccessor17.invoke(Unknown Source)
	at sun.reflect.DelegatingMethodAccessorImpl.invoke(DelegatingMethodAccessorImpl.java:25)
	at java.lang.reflect.Method.invoke(Method.java:597)
	at org.springframework.orm.jpa.SharedEntityManagerCreator$SharedEntityManagerInvocationHandler.invoke(SharedEntityManagerCreator.java:240)
	at $Proxy35.persist(Unknown Source)
	at jp.co.hzmyh0.roo.searchbookroo.domain.Review_Roo_Entity.ajc$interMethod$jp_co_hzmyh0_roo_searchbookroo_domain_Review_Roo_Entity$jp_co_hzmyh0_roo_searchbookroo_domain_Review$persist(Review_Roo_Entity.aj:55)
	at jp.co.hzmyh0.roo.searchbookroo.domain.Review.persist(Review.java:1)
	at jp.co.hzmyh0.roo.searchbookroo.domain.Review_Roo_Entity.ajc$interMethodDispatch1$jp_co_hzmyh0_roo_searchbookroo_domain_Review_Roo_Entity$jp_co_hzmyh0_roo_searchbookroo_domain_Review$persist(Review_Roo_Entity.aj)
	at jp.co.hzmyh0.roo.searchbookroo.domain.ReviewDataOnDemand_Roo_DataOnDemand.ajc$interMethod$jp_co_hzmyh0_roo_searchbookroo_domain_ReviewDataOnDemand_Roo_DataOnDemand$jp_co_hzmyh0_roo_searchbookroo_domain_ReviewDataOnDemand$init(ReviewDataOnDemand_Roo_DataOnDemand.aj:77)
	... 41 more
</error>
  </testcase>
</testsuite>